Log: [8aafaae2-7abf-4570-965f-2f62de22a4b2:2025-07-08T17:29:26.064634+0300 - INFO - Successfully accessed /categories/]
Log: [99a550f2-1687-4498-8d9f-48b7df731826:2025-07-08T17:29:26.068287+0300 - INFO - Successfully accessed /products/]
Log: [56a52aaf-2165-435c-ac75-6a96d435f768:2025-07-08T17:29:26.087886+0300 - INFO - Successfully accessed /]
Log: [576dcfb0-c7f9-47b6-94a7-5dd802d70903:2025-07-08T17:29:26.124023+0300 - INFO - Successfully accessed /static/styles/main.css]
Log: [744765ae-9963-4a12-8471-61b9379a9879:2025-07-08T17:29:26.169412+0300 - WARNING - Request to /favicon.ico failed]
Log: [edce8aa5-5803-43cf-9f82-2989010b3649:2025-07-08T20:07:33.504241+0300 - INFO - Successfully accessed /products/]
Log: [1d108001-319d-41a1-8358-aaed661b95f6:2025-07-08T20:07:33.510201+0300 - INFO - Successfully accessed /categories/]
Log: [e55a8188-a510-434e-b1b8-44ce07f457c2:2025-07-08T20:07:33.520381+0300 - INFO - Successfully accessed /]
Log: [7a19f8b8-8b60-4eee-b48e-c529146a0454:2025-07-08T20:07:33.620030+0300 - INFO - Successfully accessed /static/styles/main.css]
Log: [3fcc5278-9787-4e02-bb97-0b556358c53c:2025-07-08T20:07:33.650181+0300 - WARNING - Request to /favicon.ico failed]
Log: [772b2da7-35ef-4e8c-b86f-db52aac823b1:2025-07-08T20:07:47.439350+0300 - WARNING - Request to /products/create failed]
Log: [687a1366-2381-429c-9f5f-e1a8fa37af19:2025-07-08T20:51:09.797676+0300 - WARNING - Request to /products/create failed]
Log: [7117fff8-141d-4e6c-9f63-92b71a08058e:2025-07-08T20:56:26.391613+0300 - INFO - Successfully accessed /docs]
Log: [91d9f8d4-9000-4bb0-b7a6-9ab169e7a702:2025-07-08T20:56:26.776350+0300 - INFO - Successfully accessed /openapi.json]
Log: [163d5dd3-1c1a-49e7-a232-e273717a3f12:2025-07-08T21:01:54.142927+0300 - WARNING - Request to /products/create failed]
Log: [a6076722-de77-416b-a2d8-c0e93a0125b3:2025-07-08T21:02:22.144820+0300 - INFO - Successfully accessed /categories/]
Log: [1583c4b3-a7bd-43ee-8f11-a09ac2746eaa:2025-07-08T21:02:22.148196+0300 - INFO - Successfully accessed /products/]
Log: [b03889f3-e113-405b-93b0-7d6003568a4e:2025-07-08T21:02:22.156763+0300 - INFO - Successfully accessed /]
Log: [3b8c6580-0afd-4b41-b56e-4cfbdbd16d09:2025-07-08T21:02:27.033951+0300 - WARNING - Request to /products/create failed]
Log: [3a874e8b-33db-4126-8db2-3fb36c5477b3:2025-07-08T21:12:36.946874+0300 - WARNING - Request to /products/create failed]
Log: [c0626d62-d0d5-41bd-86b8-9d112229d782:2025-07-08T21:14:50.097767+0300 - INFO - Successfully accessed /categories/]
Log: [be3053e6-5c9b-4156-92ef-19c2cfeda403:2025-07-08T21:14:50.101333+0300 - INFO - Successfully accessed /products/]
Log: [b756aebf-8a29-4a37-a632-5e8e6b8f174c:2025-07-08T21:14:50.108549+0300 - INFO - Successfully accessed /]
Log: [489bff71-d25e-47f9-a833-93ac26bc6527:2025-07-08T21:14:52.708057+0300 - WARNING - Request to /products/create failed]
Log: [4b7e8a0b-4477-4130-bf4f-4dfc6a48ffa2:2025-07-08T21:16:58.006247+0300 - INFO - Successfully accessed /categories/]
Log: [a794734c-15b4-4ff5-8f51-6a6f5347dff7:2025-07-08T21:16:58.007213+0300 - INFO - Successfully accessed /products/]
Log: [1fa9d6cd-8a71-4ee6-8d0e-f011e62bf8cf:2025-07-08T21:16:58.009361+0300 - INFO - Successfully accessed /]
Log: [4e52625b-9432-4a5d-969e-13ef20ac4ad7:2025-07-08T21:17:00.395679+0300 - WARNING - Request to /products/create failed]
Log: [86b8eade-1fd5-41f4-ab62-8fcce67a4c28:2025-07-08T21:20:10.118739+0300 - INFO - Successfully accessed /categories/]
Log: [cf2fb25c-6ce4-48f3-9412-6c76ef9fe853:2025-07-08T21:20:10.125064+0300 - INFO - Successfully accessed /products/]
Log: [c5b8f625-ab9b-4d37-b9a6-2e4750766134:2025-07-08T21:20:10.137350+0300 - INFO - Successfully accessed /]
Log: [962dbe93-bcd4-44a1-80dc-50099ae2ce2d:2025-07-08T21:20:12.648341+0300 - WARNING - Request to /products/create failed]
Log: [da6ff3d0-2fce-4b09-a2fb-f9a7fb8728aa:2025-07-08T21:20:26.107489+0300 - INFO - Successfully accessed /docs]
Log: [87c77bc2-9525-4706-a19e-2c4102db9185:2025-07-08T21:20:26.387141+0300 - INFO - Successfully accessed /openapi.json]
Log: [be230b04-55b5-48bb-aa72-f38985b49852:2025-07-08T21:21:48.593281+0300 - INFO - Successfully accessed /docs]
Log: [ead3be9f-246c-4938-a469-ddc4c325b37a:2025-07-08T21:21:48.760748+0300 - INFO - Successfully accessed /openapi.json]
Log: [bc429b7e-2ec1-4132-b23b-522de2318dcc:2025-07-08T21:22:11.347146+0300 - WARNING - Request to /products/create failed]
Log: [b6e37b7f-242d-43e5-9ff3-04c88cb95915:2025-07-08T21:27:00.907658+0300 - WARNING - Request to /products/create failed]
Log: [3ff0a7f1-83e3-43e7-bf4c-7b6df4cad862:2025-07-08T21:27:11.484999+0300 - WARNING - Request to /products/create failed]
Log: [66106a0f-57fa-4d1a-817b-9fe31b02b547:2025-07-08T21:29:18.087231+0300 - INFO - Successfully accessed /docs]
Log: [5ee8b56b-774f-41ad-99eb-b26491c42b1a:2025-07-08T21:29:18.250138+0300 - INFO - Successfully accessed /openapi.json]
Log: [24fdc55c-20d1-4340-ab99-625c1a78c70d:2025-07-08T21:29:39.480598+0300 - WARNING - Request to /products/create failed]
Log: [6414e4fd-46c5-4cec-8538-a9a7524ed2b0:2025-07-08T21:30:34.968751+0300 - INFO - Successfully accessed /products/]
Log: [62f0a109-a5c0-415c-9b69-055a20b410cf:2025-07-08T21:30:34.974466+0300 - INFO - Successfully accessed /categories/]
Log: [06686264-2b4a-499b-b4e3-6b1d64f65f36:2025-07-08T21:30:34.989904+0300 - INFO - Successfully accessed /]
Log: [534bb3e4-e702-4630-a146-d4ef27e07fd8:2025-07-08T21:30:36.789930+0300 - WARNING - Request to /products/create failed]
Log: [b9ab9ebd-808b-4a91-a336-e9380ba25f68:2025-07-08T21:30:41.903092+0300 - INFO - Successfully accessed /docs]
Log: [c035033a-f1b4-4fd0-a1b4-cd32b89089e0:2025-07-08T21:30:42.037213+0300 - INFO - Successfully accessed /openapi.json]
Log: [22247614-f965-455d-a51f-11395ecde6b4:2025-07-08T21:30:47.764798+0300 - WARNING - Request to /products/create failed]
Log: [8a650ab7-8773-414c-8229-d0cfdb1f0385:2025-07-08T22:29:20.676220+0300 - WARNING - Request to /products/create failed]
Log: [e790b340-af69-4c64-b402-bf1e45fcb824:2025-07-08T22:29:24.888455+0300 - WARNING - Request to /products/create failed]
Log: [2aa46ecf-cdbe-4e4d-ac9e-0326599f7a4d:2025-07-08T22:41:49.360282+0300 - WARNING - Request to /products/create failed]
Log: [19d0a568-86b3-46f9-aae5-a53864c2130f:2025-07-08T22:44:07.960069+0300 - INFO - Successfully accessed /docs]
Log: [09fcee2a-0eb3-488b-8984-73ca6cf42e7e:2025-07-08T22:44:08.050147+0300 - INFO - Successfully accessed /openapi.json]
Log: [53c753bb-e84e-449c-aa1c-ace6331ff53f:2025-07-08T22:44:19.707094+0300 - WARNING - Request to /products/create failed]
Log: [5e2917c8-d71d-4341-b75a-642389333d2f:2025-07-08T22:46:37.126249+0300 - WARNING - Request to /products/create failed]
Log: [81d6c8ab-16aa-458b-9f4d-fb330fc04893:2025-07-08T22:49:14.965706+0300 - INFO - Successfully accessed /products/]
Log: [ce98740c-9125-4a96-8e63-f4d11704060d:2025-07-08T22:49:14.968681+0300 - INFO - Successfully accessed /categories/]
Log: [f6287c7c-707d-4e15-a441-66ed67ed0f19:2025-07-08T22:49:14.975150+0300 - INFO - Successfully accessed /]
Log: [b2631be5-8906-45f3-bcb7-8e9a20740064:2025-07-08T22:49:15.015165+0300 - INFO - Successfully accessed /static/styles/main.css]
Log: [5500e924-569e-43e3-869a-8c240bfd79a8:2025-07-08T22:49:19.167445+0300 - WARNING - Request to /products/create failed]
Log: [0b8b6a74-3825-44fe-ab2d-4503e409d3b8:2025-07-08T22:49:33.639226+0300 - WARNING - Request to /products/create failed]
Log: [9d3c49be-4bbf-422c-9e87-779a0bce3455:2025-07-08T22:50:18.146699+0300 - WARNING - Request to /routes failed]
Log: [9361844c-38aa-4db3-92f5-fa3b5c01a8fd:2025-07-08T22:50:18.209396+0300 - WARNING - Request to /favicon.ico failed]
Log: [551b47ca-de97-4dbc-9aae-9f84a1e8fb3a:2025-07-08T22:50:35.004393+0300 - INFO - Successfully accessed /docs]
Log: [a5327ee7-e095-4f46-9f43-d7e98828beaf:2025-07-08T22:50:35.081222+0300 - INFO - Successfully accessed /openapi.json]
Log: [a2060691-7cb8-4ab9-ab40-8f3f831653da:2025-07-08T22:53:37.783188+0300 - WARNING - Request to /products/create failed]
Log: [5f66de03-b3f2-4c3d-9812-fb80f38b1de8:2025-07-08T22:54:06.592191+0300 - INFO - Successfully accessed /docs]
Log: [41234067-8205-47c3-b7b3-424508432d5a:2025-07-08T22:54:06.695293+0300 - INFO - Successfully accessed /openapi.json]
Log: [b5d17c5c-e19f-4599-84bf-a358cf1130ca:2025-07-08T22:54:19.263334+0300 - WARNING - Request to /products/create failed]
Log: [44723042-a630-494e-843c-f5c9c475fc70:2025-07-08T22:56:38.549714+0300 - WARNING - Request to /debug-routes failed]
Log: [981f6b6c-26c5-43c9-9787-1d28fae0949e:2025-07-08T22:57:56.665714+0300 - INFO - Successfully accessed /categories/]
Log: [a487f5b4-70a5-4bfd-8350-1652f8157b5a:2025-07-08T22:57:56.670191+0300 - INFO - Successfully accessed /products/]
Log: [cb6d15d7-cb6e-4917-bc91-4074d700f367:2025-07-08T22:57:56.678458+0300 - INFO - Successfully accessed /]
Log: [37892c99-3e53-4be4-b52e-a61a1b2f7268:2025-07-08T22:57:56.719265+0300 - INFO - Successfully accessed /static/styles/main.css]
Log: [d272c384-d6f7-405f-bc86-96d029fd940c:2025-07-08T22:58:02.089068+0300 - WARNING - Request to /debug-routes failed]
Log: [cb7a135f-420e-4389-9abf-4611695dbfab:2025-07-08T22:58:06.267198+0300 - WARNING - Request to /products/create failed]
Log: [1cd74d8e-72c7-4f7c-a202-7740b9b4a1cf:2025-07-08T23:02:17.605481+0300 - WARNING - Request to /products/create failed]
Log: [15a7b95c-de5d-43b2-949b-edf6519aa022:2025-07-08T23:02:23.523537+0300 - INFO - Successfully accessed /categories/]
Log: [7056475d-2342-4485-9910-d4de14b0625b:2025-07-08T23:02:23.526886+0300 - INFO - Successfully accessed /products/]
Log: [fa6a6658-ef76-4702-a694-ed3019213852:2025-07-08T23:02:23.538315+0300 - INFO - Successfully accessed /]
Log: [083b2bdd-2ace-41e6-983c-5b0ede59892f:2025-07-08T23:02:24.657798+0300 - INFO - Successfully accessed /products/]
Log: [2281b7a5-6c5c-4171-a283-e2123567f38b:2025-07-08T23:02:24.659367+0300 - INFO - Successfully accessed /categories/]
Log: [b473334b-33e8-4f75-91e2-d5509c24224e:2025-07-08T23:02:24.661993+0300 - INFO - Successfully accessed /]
Log: [c60f6eab-c8d5-4aaa-902b-6e602226fdb1:2025-07-08T23:02:33.245279+0300 - WARNING - Request to /products/create failed]
Log: [cb2beca0-b9b0-49c0-92db-948a15114476:2025-07-08T23:02:45.794260+0300 - INFO - Successfully accessed /docs]
Log: [598e1054-6ea2-41d6-ab63-a85ec1ae7621:2025-07-08T23:02:45.875045+0300 - INFO - Successfully accessed /openapi.json]
Log: [87c3c8bc-f90a-40a7-b0e5-3c3c10d49c2c:2025-07-08T23:06:31.219907+0300 - INFO - Successfully accessed /docs]
Log: [ad661a1b-9e99-4ae1-93a7-bb5e235188a5:2025-07-08T23:06:31.298524+0300 - INFO - Successfully accessed /openapi.json]
Log: [bb66a1fc-cef7-4aa0-8049-def3ffc30bfa:2025-07-08T23:06:43.415974+0300 - WARNING - Request to /products/create failed]
Log: [62507561-dba3-4bb8-8c42-42269d3d8b6a:2025-07-08T23:07:37.359551+0300 - WARNING - Request to /products/create failed]
Log: [c977eb83-e82c-474e-8af3-691c78d4e0cc:2025-07-08T23:07:38.911663+0300 - WARNING - Request to /products/create failed]
Log: [f8ca77d2-4139-439e-bc4e-b8ab0d8e6c09:2025-07-08T23:07:40.649283+0300 - WARNING - Request to /products/create failed]
Log: [7f08d033-3af6-450f-b09f-fde27ae49323:2025-07-08T23:07:47.127963+0300 - WARNING - Request to //products/create failed]
Log: [d8019657-b9f6-4eb7-8888-c228b183d5a9:2025-07-08T23:14:06.848541+0300 - INFO - Successfully accessed /docs]
Log: [460f2d53-008b-48f7-b519-b9a688f47ab1:2025-07-08T23:14:06.955305+0300 - INFO - Successfully accessed /openapi.json]
Log: [623986e6-57ad-4b7b-982d-3b3eb0cfc943:2025-07-08T23:14:14.692703+0300 - WARNING - Request to /products/create failed]
Log: [d8c42a2c-d3ac-4cbb-8d89-a56c267e6df6:2025-07-08T23:17:21.266200+0300 - WARNING - Request to /products/create failed]
Log: [62b142ba-d24f-4731-8924-4acf04b35068:2025-07-08T23:17:23.687106+0300 - INFO - Successfully accessed /docs]
Log: [e087e080-c26e-4e6b-a669-59e647af8ff8:2025-07-08T23:17:23.777853+0300 - INFO - Successfully accessed /openapi.json]
Log: [1494b9a1-5ce8-45f6-b61f-b09d3e26a1d9:2025-07-08T23:17:28.748918+0300 - WARNING - Request to /products/create failed]
Log: [8ebb7e23-b542-4d88-ada2-d2a45d9f0790:2025-07-08T23:21:00.861525+0300 - INFO - Successfully accessed /docs]
Log: [33df81cd-3601-4c3c-b290-964cd9181cff:2025-07-08T23:21:00.967930+0300 - INFO - Successfully accessed /openapi.json]
Log: [3baeb3cd-d363-46f4-b608-48cfca8e5493:2025-07-08T23:21:09.415987+0300 - INFO - Successfully accessed /docs]
Log: [f695bdbc-6180-4a33-bab6-b73b7b73d5c1:2025-07-08T23:21:09.519234+0300 - INFO - Successfully accessed /openapi.json]
Log: [2d6b0132-4342-47f0-b401-affb2ef456ce:2025-07-08T23:21:36.891938+0300 - WARNING - Request to //debug/categories failed]
Log: [0e96d999-297c-4149-9977-95a92b122740:2025-07-08T23:22:13.476581+0300 - WARNING - Request to /debug/categories failed]
Log: [6e31c334-fb2f-4fed-b7d9-acba5d652217:2025-07-08T23:22:43.502711+0300 - INFO - Successfully accessed /docs]
Log: [7605108f-e4dd-4bb5-bd78-b086c6eae104:2025-07-08T23:22:43.616051+0300 - INFO - Successfully accessed /openapi.json]
Log: [0fdadf30-8d24-4ef1-94d4-2d4bf330cd9d:2025-07-08T23:23:16.648003+0300 - WARNING - Request to /categories/ failed]
Log: [5f47f10c-2dfb-43df-8b32-6e80bd90bcf5:2025-07-08T23:25:22.813370+0300 - INFO - Successfully accessed /auth/]
Log: [b3f86f26-e98d-4341-9db0-9be832e646ef:2025-07-08T23:29:36.692365+0300 - INFO - Successfully accessed /auth/]
Log: [513973dc-a27f-4890-b3b9-b4078fa8089a:2025-07-09T00:17:03.213016+0300 - INFO - Successfully accessed /auth/token]
Log: [44f22dfb-ac6b-427a-a75c-7a0bdd3e6602:2025-07-09T00:17:47.597749+0300 - ERROR - Request to /categories/ failed: name 'unicode' is not defined]
Log: [fd313ea9-92b1-4b88-b1a0-2cbc467a96de:2025-07-09T00:20:29.368179+0300 - INFO - Successfully accessed /docs]
Log: [318c75cd-6dbf-49e7-9a51-fd97aef465b8:2025-07-09T00:20:29.452852+0300 - INFO - Successfully accessed /openapi.json]
Log: [fdc129ab-fe9c-4985-8e20-822ddd33ddd2:2025-07-09T00:20:57.127520+0300 - WARNING - Request to /categories/ failed]
Log: [56a0c353-2164-4302-bf31-d68d96e5b2cd:2025-07-09T00:21:04.909770+0300 - INFO - Successfully accessed /auth/token]
Log: [9301c373-52d1-43a2-ad76-9fbca4eb74c5:2025-07-09T00:21:09.240144+0300 - ERROR - Request to /categories/ failed: Unconsumed column names: parent_id]
Log: [aa85afe9-7491-410b-ae87-e9cd4266c922:2025-07-09T00:22:28.405594+0300 - INFO - Successfully accessed /categories/]
Log: [28155ab2-124b-4265-a141-f37217c77856:2025-07-09T00:25:25.225577+0300 - INFO - Successfully accessed /docs]
Log: [9e5f126d-cc96-46e7-9ea5-eed66b1502ed:2025-07-09T00:25:25.284627+0300 - INFO - Successfully accessed /openapi.json]
Log: [8a6ec636-8710-48c0-a1a5-c05db44970aa:2025-07-09T00:25:33.154808+0300 - INFO - Successfully accessed /categories/]
Log: [e6c6d85a-ceca-42ff-83d2-a78a5b0d55d8:2025-07-09T00:25:49.192787+0300 - WARNING - Request to /categories/ failed]
Log: [76dd2fb3-0138-4cf1-9312-069556993f21:2025-07-09T00:25:56.631469+0300 - INFO - Successfully accessed /auth/token]
Log: [714d6aa0-6bb8-44ba-9f53-4b5da1d04d20:2025-07-09T00:26:01.267161+0300 - ERROR - Request to /categories/ failed: Unconsumed column names: parent_id]
Log: [d3bdd36c-c3bc-4c54-a339-3bdf4ae6eac0:2025-07-09T00:42:20.001227+0300 - ERROR - Request to /categories/ failed: Unconsumed column names: parent_id]
Log: [b8819cfc-8197-4443-b1ca-4ed3fcbb5303:2025-07-09T00:42:45.743791+0300 - INFO - Successfully accessed /categories/]
Log: [ff3cc5b7-532b-4302-a340-b7f647c3a292:2025-07-09T00:51:41.450921+0300 - WARNING - Request to /categories/ failed]
Log: [0fb25d61-5a55-41a2-85ec-a415487fdf10:2025-07-09T14:41:16.264035+0300 - INFO - Successfully accessed /docs]
Log: [7d8308d0-16d7-43e4-b6fa-fd57f62ad50c:2025-07-09T14:41:16.368909+0300 - INFO - Successfully accessed /openapi.json]
Log: [8d4157eb-bd7f-4b2f-8685-ac4ce66e9cf7:2025-07-09T14:41:34.670380+0300 - ERROR - Request to /categories/ failed: Could not determine join condition between parent/child tables on relationship User.products - there are no foreign keys linking these tables.  Ensure that referencing columns are associated with a ForeignKey or ForeignKeyConstraint, or specify a 'primaryjoin' expression.]
Log: [78d83e93-a259-4bbb-9368-36241aab021a:2025-07-09T14:52:46.110200+0300 - INFO - Successfully accessed /docs]
Log: [38469aed-c5ae-4299-8541-8e997bc3220a:2025-07-09T14:52:46.226840+0300 - INFO - Successfully accessed /openapi.json]
Log: [394e0ff1-5d9e-4041-8740-29d1e2f601eb:2025-07-09T14:53:03.632531+0300 - INFO - Successfully accessed /categories/]
Log: [9733cd9c-17a0-453f-86d0-5ca9dbda456e:2025-07-09T14:53:17.335645+0300 - INFO - Successfully accessed /auth/token]
Log: [fdf9c0e3-35ed-40cf-9c24-61334f217d29:2025-07-09T14:53:44.899476+0300 - ERROR - Request to /categories/ failed: 'CreateCategory' object has no attribute 'parent_id']
Log: [ae735b5a-faba-4c80-9b63-dfb6251156a4:2025-07-09T14:58:21.306491+0300 - ERROR - Request to /categories/ failed: 'CreateCategory' object has no attribute 'parent_id']
Log: [7c079f20-4590-4bc9-94a3-36a98c28a35c:2025-07-09T14:58:24.947438+0300 - ERROR - Request to /categories/ failed: 'CreateCategory' object has no attribute 'parent_id']
Log: [4da1945f-c3b3-45af-bc1c-2e24c8808221:2025-07-09T14:58:36.678230+0300 - INFO - Successfully accessed /docs]
Log: [aa03d81f-f5e7-4f91-8cc5-92a24972dd6e:2025-07-09T14:58:36.796912+0300 - INFO - Successfully accessed /openapi.json]
Log: [9553e3a7-38fd-4220-8cf5-e00f8504848f:2025-07-09T14:58:52.576590+0300 - WARNING - Request to /categories/ failed]
Log: [bde343da-5b0d-439a-aabb-4c3c4a14240c:2025-07-09T14:58:59.600531+0300 - INFO - Successfully accessed /auth/token]
Log: [9b26e595-9b06-4709-a08c-53ba0f26a441:2025-07-09T14:59:05.097166+0300 - ERROR - Request to /categories/ failed: 'CreateCategory' object has no attribute 'parent_id']
Log: [5f4a7e1c-b78d-4e2d-aad0-3d0b1d14ed1a:2025-07-09T15:03:03.031016+0300 - INFO - Successfully accessed /docs]
Log: [d143c6be-af80-476a-ab49-4b796a6ee164:2025-07-09T15:03:03.147360+0300 - INFO - Successfully accessed /openapi.json]
Log: [78b30f3c-147c-499a-ae35-631ea5019824:2025-07-09T15:03:29.965477+0300 - WARNING - Request to /categories/ failed]
Log: [fef624bf-02e3-4ce7-8cc6-261d1a0870f3:2025-07-09T15:03:36.965687+0300 - INFO - Successfully accessed /auth/token]
Log: [f5f9479b-1e48-4d9b-a6ca-bf7dfd35a096:2025-07-09T15:03:42.955310+0300 - ERROR - Request to /categories/ failed: 'CreateCategory' object has no attribute 'parent_id']
Log: [5223c59b-a355-4c98-859e-8b30dfd546a2:2025-07-09T15:14:47.919876+0300 - INFO - Successfully accessed /docs]
Log: [8ce5e800-0ce8-48ba-bb7f-89ac2e804b20:2025-07-09T15:14:48.036623+0300 - INFO - Successfully accessed /openapi.json]
Log: [f3a4dabb-8f6d-4497-93c3-b204f8318ed1:2025-07-09T15:14:56.548540+0300 - INFO - Successfully accessed /categories/debug/categories]
Log: [0092c86a-6f34-49c9-9f50-7b2e5e271b78:2025-07-09T15:15:12.658755+0300 - ERROR - Request to /categories/ failed: [TypeError('cannot convert dictionary update sequence element #0 to a sequence'), TypeError('vars() argument must have __dict__ attribute')]]
Log: [1fd08303-75cf-4b00-80c6-52c57be86ac6:2025-07-09T15:18:12.496956+0300 - INFO - Successfully accessed /docs]
Log: [fb29f04f-9950-4597-8b19-dfdb2b2864e4:2025-07-09T15:18:12.609311+0300 - INFO - Successfully accessed /openapi.json]
Log: [3e69ecea-ed23-4640-a87f-c02f231b22df:2025-07-09T15:18:16.951757+0300 - INFO - Successfully accessed /categories/]
Log: [479ddeee-4305-42c6-9163-0de01bf44ee8:2025-07-09T15:18:31.848938+0300 - INFO - Successfully accessed /auth/token]
Log: [eac89192-d2ba-42ce-bb80-bfb3e68477f5:2025-07-09T15:18:48.869358+0300 - INFO - Successfully accessed /categories/]
Log: [3be81bbe-6e0b-4a27-8ca6-3e10b0c7fb84:2025-07-09T15:19:31.665072+0300 - INFO - Successfully accessed /categories/]
Log: [67f21432-1660-4f9b-8fad-2e14beb86b89:2025-07-09T15:19:31.669185+0300 - INFO - Successfully accessed /products/]
Log: [6748e216-66bd-41f4-aebc-20f5e8d447c2:2025-07-09T15:19:31.671523+0300 - ERROR - Request to / failed: string indices must be integers, not 'str']
Log: [f21bb740-cb4b-4231-bd34-594ce3549f38:2025-07-09T15:19:31.717138+0300 - WARNING - Request to /favicon.ico failed]
Log: [e76ae5be-0247-4c22-9274-dc6b08e4dc9a:2025-07-09T15:19:39.918805+0300 - INFO - Successfully accessed /categories/]
Log: [5275efbb-9c27-4952-8cd5-733f9bcefbbe:2025-07-09T15:19:39.920245+0300 - INFO - Successfully accessed /products/]
Log: [4d5604bf-5fc5-4f36-968d-d85a84967336:2025-07-09T15:19:39.922508+0300 - ERROR - Request to / failed: string indices must be integers, not 'str']
Log: [088ac99c-7d9d-4ad1-9889-804807aca1ad:2025-07-09T15:20:05.065449+0300 - INFO - Successfully accessed /products/]
Log: [e22372a2-adcd-4c4d-831e-b8fb8837247f:2025-07-09T15:20:48.210963+0300 - INFO - Successfully accessed /products/]
Log: [cd561bd9-cd43-4c0c-80eb-9659e0406a1c:2025-07-09T15:21:22.173751+0300 - WARNING - Request to /products/1 failed]
Log: [44ff40ce-92d7-4380-8069-b2742621cbce:2025-07-09T15:52:37.927102+0300 - INFO - Successfully accessed /docs]
Log: [ec20536f-6ad2-480b-9ead-3e969d721060:2025-07-09T15:52:38.042642+0300 - INFO - Successfully accessed /openapi.json]
Log: [5642bf09-51ae-454e-a6bb-73475c8281ab:2025-07-09T15:52:46.466303+0300 - WARNING - Request to /products/2 failed]
Log: [66048724-c757-426c-bbef-8050b034127a:2025-07-09T15:53:42.206733+0300 - WARNING - Request to /products/1 failed]
Log: [feccd987-a463-49b0-88a4-abfa048662de:2025-07-09T15:53:42.263517+0300 - WARNING - Request to /favicon.ico failed]
Log: [c023b3e4-3433-4a1a-b0a2-38bc8f34b0ab:2025-07-09T15:54:32.484493+0300 - WARNING - Request to /products/4 failed]
Log: [80555fd3-86fe-4974-be67-4fee6f9c8d2a:2025-07-09T17:16:28.284741+0300 - WARNING - Request to /products/ failed]
Log: [64e51902-e631-49c3-a269-7d850eb61d45:2025-07-09T17:16:32.983307+0300 - WARNING - Request to /products/ failed]
Log: [e6b48d40-7356-44e4-8f34-08cfb63c31e8:2025-07-09T17:16:43.767794+0300 - WARNING - Request to /products/ failed]
Log: [096c8271-c140-42d9-a0fe-37745f5bb49d:2025-07-09T17:16:45.409357+0300 - INFO - Successfully accessed /docs]
Log: [ab395f6b-71fc-4757-980d-1b12c5ec4901:2025-07-09T17:16:45.505836+0300 - INFO - Successfully accessed /openapi.json]
Log: [b8adcbd0-da50-4f2c-83a7-0dd337ef801d:2025-07-09T17:16:51.444039+0300 - INFO - Successfully accessed /products/products/]
Log: [1c686c8f-099f-4efa-9b48-8ed1635eccc7:2025-07-09T17:17:12.085172+0300 - ERROR - Request to /products/products/1 failed: IN expression list, SELECT construct, or bound parameter object expected, got <app.models.category.Category object at 0x0000020CA0E32660>.]
Log: [1db6aae0-4a8f-44dc-90e6-fa728ecf3a99:2025-07-09T17:40:31.501383+0300 - INFO - Successfully accessed /docs]
Log: [0c96688e-3f1e-4f0b-bb59-aa8885c66b45:2025-07-09T17:40:31.801129+0300 - INFO - Successfully accessed /openapi.json]
Log: [0cae0199-bacf-41d1-9f70-1585c7369e64:2025-07-09T17:40:43.692505+0300 - INFO - Successfully accessed /products/products/]
Log: [aae6128f-59da-41cf-b209-db5e815646ad:2025-07-09T17:40:58.967025+0300 - INFO - Successfully accessed /auth/token]
Log: [5a20f001-2845-4ec6-b2f7-102ad4014556:2025-07-09T17:41:04.700592+0300 - ERROR - Request to /products/products/1 failed: IN expression list, SELECT construct, or bound parameter object expected, got <app.models.category.Category object at 0x000001B797EB3620>.]
Log: [c7243d5b-5f17-457e-9945-6defc4a70c38:2025-07-09T17:44:34.263678+0300 - INFO - Successfully accessed /docs]
Log: [f8580230-3977-4a8e-ac55-de68e610e5ea:2025-07-09T17:44:34.406810+0300 - INFO - Successfully accessed /openapi.json]
Log: [31cc07f6-1f1a-41a3-af94-4cb579ca3d7e:2025-07-09T17:44:40.869377+0300 - ERROR - Request to /products/products/1 failed: IN expression list, SELECT construct, or bound parameter object expected, got <app.models.category.Category object at 0x000001B797F85090>.]
Log: [0d3f6b17-3df9-47ac-b144-0a339724ee9b:2025-07-09T17:46:26.647504+0300 - INFO - Successfully accessed /products/products/1]
Log: [44fc8f58-e1dd-4b2b-b29b-8e0a486aba84:2025-07-09T17:46:57.792634+0300 - WARNING - Request to /products/products/create failed]
Log: [a6af2f5c-0482-42e1-9ccb-734d220b8672:2025-07-09T17:47:03.988557+0300 - INFO - Successfully accessed /auth/token]
Log: [a440e5a4-3058-4eff-8cfa-de7033565e9e:2025-07-09T17:47:09.179108+0300 - INFO - Successfully accessed /categories/]
Log: [40ae0f03-928a-4ad6-ad02-885356c9536a:2025-07-09T17:47:09.187386+0300 - INFO - Successfully accessed /products/products/create]
Log: [36091874-1007-46f4-a953-4a379e3f92bb:2025-07-09T17:47:19.606959+0300 - INFO - Successfully accessed /categories/]
Log: [d40b1727-94f4-462b-87cc-7da561d79d47:2025-07-09T17:47:19.608850+0300 - INFO - Successfully accessed /products/products/create]
Log: [48eb0e80-22ea-4014-abad-41c9c5f1d7d2:2025-07-09T17:52:31.139103+0300 - INFO - Successfully accessed /docs]
Log: [b782ac93-6f44-4c47-beee-87d331dfe94c:2025-07-09T17:52:31.241305+0300 - INFO - Successfully accessed /openapi.json]
Log: [94847205-4c00-4646-9838-51ba374ad698:2025-07-09T17:52:37.148472+0300 - WARNING - Request to /products/products/create failed]
Log: [00641cf7-898b-4b12-826b-23552e46dfd1:2025-07-09T17:52:43.221351+0300 - INFO - Successfully accessed /auth/token]
Log: [63862818-9610-4740-95bf-69fe901f6412:2025-07-09T17:52:46.087926+0300 - INFO - Successfully accessed /docs]
Log: [ed37199f-66bf-4ecd-bffe-ba0c6f32abca:2025-07-09T17:52:46.154823+0300 - INFO - Successfully accessed /openapi.json]
Log: [216e02bc-eb0d-4f5f-984f-2c036e55a101:2025-07-09T17:52:49.950399+0300 - WARNING - Request to /products/products/create failed]
Log: [8f4410ad-e0ab-47ea-9d10-cee0dfb35659:2025-07-09T17:53:00.492208+0300 - INFO - Successfully accessed /auth/token]
Log: [17a30510-cdf9-4175-9543-ab2f3b2fc20a:2025-07-09T17:53:12.047386+0300 - INFO - Successfully accessed /categories/]
Log: [b4fe4df0-9034-4e63-b28d-3df57516c351:2025-07-09T17:53:12.050195+0300 - INFO - Successfully accessed /products/products/create]
Log: [9c71525b-a8a2-489a-a1e0-efbc43232815:2025-07-09T17:53:48.917522+0300 - INFO - Successfully accessed /categories/]
Log: [3c05a449-7f42-483b-b03d-3443b77b5927:2025-07-09T17:53:48.924088+0300 - INFO - Successfully accessed /products/products/create]
Log: [655875a8-0e2a-4ac2-b7ca-c8165e02ec17:2025-07-09T18:38:14.962527+0300 - WARNING - Request to /products/ failed]
Log: [6f2446b2-0751-469b-87d2-9be3eee2a459:2025-07-09T18:38:14.966069+0300 - INFO - Successfully accessed /categories/]
Log: [32c9ebce-20b2-4c08-aa12-9a54e7d8acf9:2025-07-09T18:38:14.968120+0300 - ERROR - Request to / failed: Client error '404 Not Found' for url 'http://127.0.0.1:8000/products/'
For more information check: https://developer.mozilla.org/en-US/docs/Web/HTTP/Status/404]
Log: [31326519-bf08-4bb9-932e-40fb4992a653:2025-07-09T18:38:25.618489+0300 - WARNING - Request to /products/ failed]
Log: [e08e6c14-286d-4aaa-9a58-e8dce80e3528:2025-07-09T18:38:25.621537+0300 - INFO - Successfully accessed /categories/]
Log: [64e02ee6-8c7c-44ce-b6da-1918ec18a928:2025-07-09T18:38:25.623809+0300 - ERROR - Request to / failed: Client error '404 Not Found' for url 'http://127.0.0.1:8000/products/'
For more information check: https://developer.mozilla.org/en-US/docs/Web/HTTP/Status/404]
Log: [1a89a7c2-93f7-482b-92d2-c45c46d67079:2025-07-09T18:38:29.945090+0300 - WARNING - Request to /products/ failed]
Log: [07b9ad79-be6b-412f-9167-3dbff4c3f18c:2025-07-09T18:38:29.948830+0300 - INFO - Successfully accessed /categories/]
Log: [62a54c5d-6950-47fb-bcaa-aaa43e3ce0e0:2025-07-09T18:38:29.951168+0300 - ERROR - Request to / failed: Client error '404 Not Found' for url 'http://127.0.0.1:8000/products/'
For more information check: https://developer.mozilla.org/en-US/docs/Web/HTTP/Status/404]
Log: [325f065b-1b8d-411c-be56-cae5ff88b1d7:2025-07-09T18:43:36.784541+0300 - INFO - Successfully accessed /categories/]
Log: [b75d53b9-7dbd-42f4-8630-f4dfd5d41c23:2025-07-09T18:43:36.787564+0300 - INFO - Successfully accessed /products/]
Log: [ba669ef1-a8b7-4824-affe-662f19651641:2025-07-09T18:43:36.789378+0300 - ERROR - Request to / failed: string indices must be integers, not 'str']
Log: [307ae758-49c0-4fc0-ab08-d338e50f2652:2025-07-09T18:47:05.203512+0300 - INFO - Successfully accessed /categories/]
Log: [98878323-1cbe-465b-9192-9506b5c12105:2025-07-09T18:47:05.204928+0300 - INFO - Successfully accessed /products/]
Log: [f0f68868-9507-44cb-bf9d-93418c2e8df3:2025-07-09T18:47:05.206908+0300 - ERROR - Request to / failed: string indices must be integers, not 'str']
Log: [d7b569b4-749b-403b-88b0-6c36cb36186c:2025-07-09T18:47:26.702716+0300 - INFO - Successfully accessed /products/]
Log: [7bf67e77-00e7-4706-b1e3-5fd9ebeab7c7:2025-07-09T18:47:33.710711+0300 - INFO - Successfully accessed /products/1]
Log: [b9202da2-b0c1-4f60-9320-b46c6e22cdf9:2025-07-09T18:47:56.151587+0300 - WARNING - Request to /products/create failed]
Log: [6a65bccb-ed35-4ad3-96bb-ed40f6fb02bc:2025-07-09T18:49:15.502944+0300 - INFO - Successfully accessed /categories/]
Log: [0faaea36-01c0-44b8-872e-61ee2602138f:2025-07-09T18:49:15.506418+0300 - INFO - Successfully accessed /products/]
Log: [f2662b36-7090-4e69-9669-8910883ec77d:2025-07-09T18:49:15.508617+0300 - ERROR - Request to / failed: string indices must be integers, not 'str']
Log: [b445b3b1-8908-4cb7-b99d-fab559218a27:2025-07-09T18:49:33.350271+0300 - INFO - Successfully accessed /products/]
Log: [ed17b822-0e1a-47eb-9c92-1d8afdac2458:2025-07-09T18:49:33.351520+0300 - INFO - Successfully accessed /categories/]
Log: [ab83d95d-acc2-4a73-9d8b-a65ba521984e:2025-07-09T18:49:33.353671+0300 - ERROR - Request to / failed: string indices must be integers, not 'str']
Log: [08952874-9a8d-450b-857a-323f9d76213c:2025-07-09T18:54:44.991520+0300 - INFO - Successfully accessed /products/]
Log: [5c057ad3-081a-4a70-9342-37be70106382:2025-07-09T18:54:44.996593+0300 - INFO - Successfully accessed /categories/]
Log: [4afe19f9-5f4b-41b1-9fdf-24cd1ef7e75d:2025-07-09T18:54:44.998935+0300 - ERROR - Request to / failed: Invalid API response format]
Log: [2abbb1a5-ea8f-46e9-a7ed-39d685170c34:2025-07-09T18:54:47.127633+0300 - INFO - Successfully accessed /products/]
Log: [ccc664c1-36fb-4085-8ccf-4c35214f8f06:2025-07-09T18:54:47.128766+0300 - INFO - Successfully accessed /categories/]
Log: [94dae3e4-58a9-4561-9fbd-11a5c10b9e9b:2025-07-09T18:54:47.130720+0300 - ERROR - Request to / failed: Invalid API response format]
Log: [08a83071-86a2-451d-84d4-817c8f92d3e7:2025-07-09T18:54:52.403708+0300 - INFO - Successfully accessed /products/]
Log: [f7096664-3569-4169-a2dc-de95952aad77:2025-07-09T18:54:52.406189+0300 - INFO - Successfully accessed /categories/]
Log: [6825de5f-cb8d-4da1-a06a-9c2f7dd0a564:2025-07-09T18:54:52.408534+0300 - ERROR - Request to / failed: Invalid API response format]
Log: [eff840d8-6075-4d57-b2b1-e43be2ebb93f:2025-07-09T18:54:53.301966+0300 - INFO - Successfully accessed /categories/]
Log: [04044c2d-ae56-4cb0-b847-51d7a19edf42:2025-07-09T18:54:53.303368+0300 - INFO - Successfully accessed /products/]
Log: [c432c9cf-a82c-41ca-9275-ea116ae3d0bb:2025-07-09T18:54:53.305919+0300 - ERROR - Request to / failed: Invalid API response format]
Log: [cc7aa8cc-bed4-4f99-b9ba-3f7bb2c5b775:2025-07-09T18:54:54.029080+0300 - INFO - Successfully accessed /products/]
Log: [e694d8a8-071c-4ad6-82cb-6f2826782509:2025-07-09T18:54:54.030482+0300 - INFO - Successfully accessed /categories/]
Log: [e06c7469-1501-41bc-89ac-c49b7f56b82a:2025-07-09T18:54:54.032540+0300 - ERROR - Request to / failed: Invalid API response format]
Log: [90632b3a-0b38-4675-9770-a98b32505615:2025-07-09T18:54:55.743738+0300 - INFO - Successfully accessed /categories/]
Log: [831ea3e3-194c-4152-8f63-201b67cef830:2025-07-09T18:54:55.745941+0300 - INFO - Successfully accessed /products/]
Log: [a553fa37-f5f4-4a22-856a-f76faf228273:2025-07-09T18:54:55.748322+0300 - ERROR - Request to / failed: Invalid API response format]
Log: [6c34da66-ccb3-4553-9fcf-6b456637b784:2025-07-09T18:55:03.510431+0300 - INFO - Successfully accessed /products/products/]
Log: [5026df0a-0692-4f1e-a393-b5341813fc55:2025-07-09T18:55:03.517190+0300 - INFO - Successfully accessed /products/products]
Log: [ce4d49db-8c49-4cfb-a9af-2008fefb8578:2025-07-09T18:55:35.986249+0300 - INFO - Successfully accessed /docs]
Log: [c729ec83-a917-497e-b33f-244636df41a2:2025-07-09T18:55:36.105828+0300 - INFO - Successfully accessed /openapi.json]
Log: [67184c8d-6cb1-4fa8-803c-b793a83a28df:2025-07-09T18:55:41.269145+0300 - INFO - Successfully accessed /products/products/]
Log: [87cef0d6-3861-439d-a316-54aff0144a10:2025-07-09T18:55:52.119503+0300 - INFO - Successfully accessed /products/products/1]
Log: [7d04a5d5-8b8e-4708-b94d-a89f253c4929:2025-07-09T18:55:58.265008+0300 - INFO - Successfully accessed /auth/token]
Log: [30e7d7b4-d9f7-4287-80f3-534320f04172:2025-07-09T18:56:15.429267+0300 - INFO - Successfully accessed /categories/]
Log: [4945692f-fb12-4ae0-931e-c165c60cef4a:2025-07-09T18:56:36.364257+0300 - INFO - Successfully accessed /categories/]
Log: [6e2657ff-98ad-4851-b642-dbfd907544b0:2025-07-09T18:56:36.372255+0300 - INFO - Successfully accessed /products/products/create]
Log: [555d133f-8ecf-47ab-841e-5283e1764561:2025-07-09T20:32:10.554342+0300 - INFO - Successfully accessed /docs]
Log: [526e0020-9e93-4fa0-b5af-2dfab48e8d52:2025-07-09T20:32:10.637984+0300 - INFO - Successfully accessed /openapi.json]
Log: [b52b6e09-1258-4b80-ab73-a24e29bb0b48:2025-07-09T20:32:18.345483+0300 - INFO - Successfully accessed /products/products/]
Log: [1b1fedff-d616-4cfa-8ad7-a01c388d8bb3:2025-07-09T20:32:34.817403+0300 - WARNING - Request to /products/ failed]
Log: [7c0f6f1b-07aa-4ccd-b593-ced1aada1936:2025-07-09T20:32:34.820944+0300 - INFO - Successfully accessed /categories/]
Log: [8d2c666d-1098-4b8a-bc31-383a76d27a8a:2025-07-09T20:32:34.823366+0300 - ERROR - Request to / failed: Client error '404 Not Found' for url 'http://127.0.0.1:8000/products/'
For more information check: https://developer.mozilla.org/en-US/docs/Web/HTTP/Status/404]
Log: [733748d5-a0e0-481f-80d7-3946e18a0f73:2025-07-09T20:32:38.384128+0300 - WARNING - Request to /products/ failed]
Log: [aad62651-199a-436c-9a34-5bb7d372ed3b:2025-07-09T20:32:38.387399+0300 - INFO - Successfully accessed /categories/]
Log: [6cd1bdeb-7d00-442c-b969-2daf94205d53:2025-07-09T20:32:38.389425+0300 - ERROR - Request to / failed: Client error '404 Not Found' for url 'http://127.0.0.1:8000/products/'
For more information check: https://developer.mozilla.org/en-US/docs/Web/HTTP/Status/404]
Log: [04c25137-e64d-4637-aa31-42e83e024baf:2025-07-09T20:33:46.036884+0300 - WARNING - Request to /products/ failed]
Log: [4e31bc40-3b2e-427a-94d0-3226163b49c2:2025-07-09T20:34:10.110024+0300 - INFO - Successfully accessed /docs]
Log: [ea938a14-e195-49a8-88ed-75f530ac29e1:2025-07-09T20:34:10.207561+0300 - INFO - Successfully accessed /openapi.json]
Log: [ba799d2e-91fa-4eb8-930e-3dea55935bb9:2025-07-09T20:37:08.053917+0300 - INFO - Successfully accessed /docs]
Log: [0b181be7-46d7-4c03-ac24-eccbb208bb63:2025-07-09T20:37:08.123279+0300 - INFO - Successfully accessed /openapi.json]
Log: [ec52a667-4e10-44be-a038-c61d1df16a1c:2025-07-09T20:37:18.541077+0300 - INFO - Successfully accessed /products/]
Log: [a32c3781-6ab4-4991-bd48-08df8bd72dcf:2025-07-09T20:37:22.810425+0300 - INFO - Successfully accessed /products/]
Log: [acebe1b3-4404-4884-8031-c4a831198cb0:2025-07-09T20:37:29.099626+0300 - INFO - Successfully accessed /products/]
Log: [ed7dca21-5cb1-4d84-a8e2-a8be78c6e192:2025-07-09T20:37:29.103080+0300 - INFO - Successfully accessed /categories/]
Log: [d0b8b455-7552-4ac2-aed2-5aff2cb86fb3:2025-07-09T20:37:29.105475+0300 - ERROR - Request to / failed: string indices must be integers, not 'str']
Log: [8df386f7-6218-4f9e-a17e-d18536df029b:2025-07-09T20:37:30.052162+0300 - INFO - Successfully accessed /products/]
Log: [4fca45d4-d748-46ba-8b3c-2b315c0d74d0:2025-07-09T20:37:30.053252+0300 - INFO - Successfully accessed /categories/]
Log: [d6a5b2dc-0b70-4f59-88ec-e23bfbd6b23b:2025-07-09T20:37:30.056038+0300 - ERROR - Request to / failed: string indices must be integers, not 'str']
Log: [b2e3e22c-f2e0-4d6e-a28a-3f757908e128:2025-07-09T20:46:39.980717+0300 - INFO - Successfully accessed /categories/]
Log: [171734c2-6800-4dd7-9797-b3c2d98c03b9:2025-07-09T20:46:39.984154+0300 - INFO - Successfully accessed /products/]
Log: [21a99308-1dc0-4148-b3f4-bf52c69ca521:2025-07-09T20:46:39.985904+0300 - ERROR - Request to / failed: string indices must be integers, not 'str']
Log: [44a66a1c-0780-4d3a-aa95-074f65927207:2025-07-09T20:46:50.650168+0300 - INFO - Successfully accessed /categories/]
Log: [bdef2ce1-f7fe-4a53-a96a-6560dd2e5974:2025-07-09T20:46:50.651823+0300 - INFO - Successfully accessed /products/]
Log: [b156c712-c935-4435-94a7-0a23fcab2927:2025-07-09T20:46:50.653589+0300 - ERROR - Request to / failed: string indices must be integers, not 'str']
Log: [3bd6230d-c928-494f-b6a6-e366d902675c:2025-07-09T20:47:39.296595+0300 - INFO - Successfully accessed /products/]
Log: [ddaa0e44-b20c-491e-930f-76e8a2a36f1f:2025-07-09T20:47:39.307695+0300 - INFO - Successfully accessed /categories/]
Log: [260452b9-a616-420b-84e1-974cd6d55b3a:2025-07-09T20:47:39.309372+0300 - ERROR - Request to / failed: string indices must be integers, not 'str']
Log: [74022c64-d846-4f57-b834-6049fa3cd529:2025-07-09T20:48:02.070139+0300 - INFO - Successfully accessed /products/1]
Log: [050ba23c-b486-40ee-80e8-601a6b0d01e5:2025-07-09T20:49:37.652293+0300 - INFO - Successfully accessed /products/]
Log: [c7e87aff-2d68-449f-aaf0-f437365f7e0b:2025-07-09T20:49:37.655823+0300 - INFO - Successfully accessed /categories/]
Log: [05de6905-9091-424e-b95d-15c498e376c7:2025-07-09T20:52:03.573626+0300 - INFO - Successfully accessed /products/]
Log: [9ed08cd8-7f2e-48e2-9379-1f956c6e150b:2025-07-09T20:52:03.576622+0300 - INFO - Successfully accessed /categories/]
Log: [25fc6ed0-4765-48e6-82f8-7f0cf3daeb31:2025-07-09T20:52:03.578809+0300 - ERROR - Request to / failed: string indices must be integers, not 'str']
Log: [cf41eaaf-f105-4d6a-b5dd-2a9c2dcf65ff:2025-07-09T20:55:38.395622+0300 - INFO - Successfully accessed /categories/]
Log: [f543f604-9ff6-4c0b-880b-d75af408f8cd:2025-07-09T20:55:38.408845+0300 - INFO - Successfully accessed /products/]
Log: [c1291d9b-1bb0-4e91-8f77-a5b13993a1e5:2025-07-09T20:55:38.411720+0300 - ERROR - Request to / failed: string indices must be integers, not 'str']
Log: [c3ede171-e5cd-4557-9268-eb342655cdcd:2025-07-09T20:56:57.207200+0300 - INFO - Successfully accessed /categories/]
Log: [9f3e46cf-9f31-45c3-a0b0-852ec734a4f8:2025-07-09T20:56:57.209737+0300 - INFO - Successfully accessed /products/]
Log: [49a56709-9287-4eae-b018-4e3b556b6109:2025-07-09T20:56:57.213766+0300 - ERROR - Request to / failed: string indices must be integers, not 'str']
Log: [cbd1d848-5daa-4081-9339-c99848aef9d2:2025-07-09T20:59:21.824191+0300 - INFO - Successfully accessed /products/]
Log: [64c72a60-87d4-4a7e-ad5c-00e3ba9b3767:2025-07-09T20:59:21.826934+0300 - INFO - Successfully accessed /categories/]
Log: [0cf3db22-05dc-4657-9768-f9c8b2d88e9d:2025-07-09T20:59:21.828869+0300 - ERROR - Request to / failed: string indices must be integers, not 'str']
Log: [6d9b4062-7da6-4f91-a639-c7524c6728c3:2025-07-09T20:59:49.905440+0300 - INFO - Successfully accessed /categories/]
Log: [2188483e-aa96-4246-a30d-b2e4669c9567:2025-07-09T20:59:49.906359+0300 - INFO - Successfully accessed /products/]
Log: [c114c6ec-a777-402d-a8b5-f2b9a2810f1e:2025-07-09T20:59:49.908043+0300 - ERROR - Request to / failed: string indices must be integers, not 'str']
Log: [533bdf78-a63f-4a6b-b1dd-21a7e3f784b7:2025-07-09T20:59:52.801739+0300 - INFO - Successfully accessed /categories/]
Log: [817d9d79-9fdc-458f-9f55-02c31729e662:2025-07-09T20:59:52.802552+0300 - INFO - Successfully accessed /products/]
Log: [96e6a22e-33f8-44f1-9d00-76919e54c244:2025-07-09T20:59:52.804355+0300 - ERROR - Request to / failed: string indices must be integers, not 'str']
Log: [b87992fe-1d38-4924-985e-166476db56ed:2025-07-09T21:00:57.566120+0300 - INFO - Successfully accessed /products/]
Log: [8bbde128-a8e5-4495-a257-213b388ef05e:2025-07-09T21:00:57.568782+0300 - INFO - Successfully accessed /categories/]
Log: [8a01b398-4724-4b58-8396-4156db321e0f:2025-07-09T21:00:57.571414+0300 - ERROR - Request to / failed: string indices must be integers, not 'str']
Log: [5ac6ddbe-aa10-4db8-8d86-3f62cf88fef5:2025-07-09T21:02:09.932880+0300 - INFO - Successfully accessed /categories/]
Log: [b483c942-22cb-4486-9edd-77024896b86c:2025-07-09T21:02:09.936260+0300 - INFO - Successfully accessed /products/]
Log: [a5b27f50-359d-4eae-9d2d-b54225258a31:2025-07-09T21:02:09.948034+0300 - INFO - Successfully accessed /]
Log: [4adba90e-3665-4cff-b692-3f32586b5bfc:2025-07-09T21:02:09.985132+0300 - INFO - Successfully accessed /static/styles/main.css]
Log: [79e79372-1dd3-46a4-9493-53776115dd30:2025-07-09T21:02:38.428677+0300 - INFO - Successfully accessed /auth/token]
Log: [617b4f73-53e0-45c7-8252-05aacdf1f4c6:2025-07-09T21:02:49.057828+0300 - INFO - Successfully accessed /categories/]
Log: [9ed51c10-4f74-4b8c-b004-8c7327303260:2025-07-09T21:03:08.426938+0300 - INFO - Successfully accessed /products/]
Log: [400e8422-5b00-42f8-8946-e1a159ae0381:2025-07-09T21:03:41.986812+0300 - INFO - Successfully accessed /docs]
Log: [1b3e7342-cf78-4fc0-9cb4-2e218fbf2db5:2025-07-09T21:03:42.077475+0300 - INFO - Successfully accessed /openapi.json]
Log: [60499e63-69d7-4ae5-a214-44a7df85c3c2:2025-07-09T21:03:52.857075+0300 - INFO - Successfully accessed /categories/]
Log: [74476d9b-51d5-43d0-950a-644eff796c76:2025-07-09T21:04:11.665055+0300 - WARNING - Request to /products/create failed]
Log: [58fa6ea4-344d-4832-9776-79aaae2ef9f0:2025-07-09T21:04:21.479795+0300 - INFO - Successfully accessed /products/]
Log: [ec3e3a1e-060e-4e2d-a491-59e7547de144:2025-07-09T21:04:21.483464+0300 - INFO - Successfully accessed /categories/]
Log: [ee3d07fa-e05c-4ab7-b1d3-079afaa5978c:2025-07-09T21:04:21.491507+0300 - INFO - Successfully accessed /]
Log: [5591fb70-96a3-4d60-9abf-4bb4dc15fd37:2025-07-09T21:04:22.674319+0300 - INFO - Successfully accessed /products/]
Log: [a70fbb62-d478-4d41-9038-8108dad3e3c5:2025-07-09T21:04:22.675924+0300 - INFO - Successfully accessed /categories/]
Log: [1a5e188f-41b8-4b19-8ec2-d8d87f61cee7:2025-07-09T21:04:22.678841+0300 - INFO - Successfully accessed /]
Log: [096590bd-04ed-4fa8-8f72-db5b2c11fda7:2025-07-09T21:04:23.382284+0300 - INFO - Successfully accessed /categories/]
Log: [e958b98e-8d3b-4775-8ff9-e624fb4124e7:2025-07-09T21:04:23.383115+0300 - INFO - Successfully accessed /products/]
Log: [4a1fff98-c848-437e-b542-ae9079cde62c:2025-07-09T21:04:23.385669+0300 - INFO - Successfully accessed /]
Log: [f7f7b5e8-833d-422f-a198-a0e6f86c573a:2025-07-09T21:05:35.866213+0300 - INFO - Successfully accessed /categories/]
Log: [ea9d4746-296b-4c7e-8163-cbc84d979b49:2025-07-09T21:05:35.870243+0300 - INFO - Successfully accessed /products/]
Log: [41c107c9-afb4-48f4-8d71-aa6a2a16b742:2025-07-09T21:05:35.877952+0300 - INFO - Successfully accessed /]
Log: [1fb8bfad-3ad1-486a-80fb-c5817f5121af:2025-07-09T21:05:37.637158+0300 - WARNING - Request to /products/create failed]
Log: [d04280cd-8a2e-4321-9988-65a9cb8fdbf0:2025-07-09T21:05:40.694290+0300 - WARNING - Request to /products/create failed]
Log: [92cc21da-fcb4-4f92-a7f1-695226d40413:2025-07-09T21:06:47.777608+0300 - WARNING - Request to /products/create failed]
Log: [78534e19-367a-4b35-a3ab-fdfc4f0fef81:2025-07-09T21:06:48.787218+0300 - WARNING - Request to /products/create failed]
Log: [9edf2e88-f492-46cf-8ba0-1fae7dbae158:2025-07-09T21:06:52.207659+0300 - INFO - Successfully accessed /products/]
Log: [9223546b-6b0e-47e2-8038-3ea2bfd5fa6f:2025-07-09T21:06:52.211443+0300 - INFO - Successfully accessed /categories/]
Log: [2843ea4b-249b-4ac9-b80c-6bed8cb744c3:2025-07-09T21:06:52.222852+0300 - INFO - Successfully accessed /]
Log: [22435d07-8af6-4373-ac7c-211a216da457:2025-07-09T21:06:53.810030+0300 - WARNING - Request to /products/create failed]
Log: [8612c04b-f5ab-4651-9703-a22d9fb791ed:2025-07-09T21:15:30.487159+0300 - INFO - Successfully accessed /docs]
Log: [158d3c5a-f79e-483b-a323-51d667f41f89:2025-07-09T21:15:30.585694+0300 - INFO - Successfully accessed /openapi.json]
Log: [33726726-e904-422f-b17b-f71af6f389bb:2025-07-09T21:15:35.615317+0300 - INFO - Successfully accessed /products/]
Log: [ce9fe2ee-a3ba-4f09-bfe6-99c34e4551b9:2025-07-09T21:15:35.618614+0300 - INFO - Successfully accessed /categories/]
Log: [1c78a7ed-c55f-42f5-a458-5bdd42cae7d9:2025-07-09T21:15:35.644221+0300 - INFO - Successfully accessed /]
Log: [243e0e90-5aa4-434d-96df-055a89870b93:2025-07-09T21:15:36.037672+0300 - WARNING - Request to /favicon.ico failed]
Log: [3e7b884a-8ff4-40d7-914a-9f1f1c004453:2025-07-09T21:15:40.512910+0300 - WARNING - Request to /products/create failed]
Log: [bada041d-76fc-4f16-8e02-60944cc72ebb:2025-07-09T21:17:46.374253+0300 - WARNING - Request to /products/create failed]
Log: [0a55e8ae-5931-417b-945c-cc78c43147e7:2025-07-09T21:17:48.283891+0300 - WARNING - Request to /products/create failed]
Log: [ad5a5973-af11-4a09-b07c-a2abefa2fe33:2025-07-09T21:17:51.972065+0300 - INFO - Successfully accessed /docs]
Log: [26e53aa2-08ba-4aa3-a8d6-55c9907b85ba:2025-07-09T21:17:52.059756+0300 - INFO - Successfully accessed /openapi.json]
Log: [f38f405e-6192-4def-af1a-563e27480cc7:2025-07-09T21:18:09.943372+0300 - WARNING - Request to /products/create failed]
Log: [f425f2f9-d7a5-49cc-bc7f-8368cb2b47af:2025-07-09T21:18:24.508954+0300 - WARNING - Request to /products/ failed]
Log: [9bc76fea-619c-476c-a08b-76d273dd89c6:2025-07-09T21:19:55.008097+0300 - INFO - Successfully accessed /docs]
Log: [34439008-0d3e-4466-a085-3038bac26844:2025-07-09T21:19:55.104304+0300 - INFO - Successfully accessed /openapi.json]
Log: [558bc30e-eab4-40e9-b3bd-ebf356e9b066:2025-07-09T21:19:59.840004+0300 - ERROR - Request to /products/ failed: 'CreateProduct' object has no attribute 'category']
Log: [69fca4ca-1ae3-453b-85a5-d78a5e4c22e0:2025-07-09T21:20:13.079022+0300 - INFO - Successfully accessed /categories/]
Log: [7f103525-aa8f-4482-8ef3-3d021fba9dbc:2025-07-09T21:20:13.082432+0300 - INFO - Successfully accessed /products/]
Log: [6ae8e0d3-6b89-4128-a604-56632f5a64c4:2025-07-09T21:20:13.093660+0300 - INFO - Successfully accessed /]
Log: [7c86da09-7507-4736-9be2-e2efc3ff366c:2025-07-09T21:20:15.705236+0300 - INFO - Successfully accessed /categories/]
Log: [d2aa5b55-0f9a-4e7f-b378-29242047f430:2025-07-09T21:20:15.707237+0300 - INFO - Successfully accessed /products/create]
Log: [9cbd5741-6232-48ba-81a8-cf1d914d1ade:2025-07-09T21:22:42.312154+0300 - INFO - Successfully accessed /categories/]
Log: [800b3a7c-e279-40ba-a519-313c507a12f5:2025-07-09T21:22:42.314439+0300 - INFO - Successfully accessed /products/create]
Log: [0ee832ff-1675-4ed1-b11f-ea56347e4f42:2025-07-09T21:22:44.000282+0300 - INFO - Successfully accessed /categories/]
Log: [24c94407-28a5-437c-a1ae-a0f284f8be77:2025-07-09T21:22:44.004112+0300 - INFO - Successfully accessed /products/create]
Log: [1837b5ee-7c03-495e-8d5f-4a2846ad077e:2025-07-09T21:22:46.179901+0300 - INFO - Successfully accessed /categories/]
Log: [8e5739c3-a175-4bc1-b156-7f6ee5eeef14:2025-07-09T21:22:46.183104+0300 - INFO - Successfully accessed /products/]
Log: [d76d7309-7217-41c7-b37c-b8b1797f7b14:2025-07-09T21:22:46.194624+0300 - INFO - Successfully accessed /]
Log: [cdbb6fdc-252d-4c99-91bb-d3e387a5cf70:2025-07-09T21:22:47.438716+0300 - INFO - Successfully accessed /categories/]
Log: [cf9f2b45-174e-4efe-816c-c818e03f9de0:2025-07-09T21:22:47.440892+0300 - INFO - Successfully accessed /products/create]
Log: [5372c023-ad57-42cd-b99d-adcf0925fdf4:2025-07-09T21:24:47.454915+0300 - INFO - Successfully accessed /categories/]
Log: [0277422a-bd8f-49f0-b1aa-57677e4c36cf:2025-07-09T21:24:47.483675+0300 - INFO - Successfully accessed /products/create]
Log: [1dd8cbf7-45d5-4c25-a292-47024d7dc2e3:2025-07-09T21:24:50.823338+0300 - INFO - Successfully accessed /categories/]
Log: [dfd2d4a3-0aaf-42ef-8f87-6b4def5ea54e:2025-07-09T21:24:50.826573+0300 - INFO - Successfully accessed /products/]
Log: [58f9163c-3d91-4c4e-8ec2-ca8b4ca9f4b1:2025-07-09T21:24:50.845667+0300 - INFO - Successfully accessed /]
Log: [62c8487e-3fe5-49d9-8acc-2c0138e0bd64:2025-07-09T21:24:51.988864+0300 - INFO - Successfully accessed /categories/]
Log: [8f3380e4-aa1f-4026-a6c8-dce51604066d:2025-07-09T21:24:51.991343+0300 - INFO - Successfully accessed /products/create]
Log: [8338cb02-49b2-43d5-8a8f-06c0b1e1c3b5:2025-07-09T21:26:13.236460+0300 - INFO - Successfully accessed /categories/]
Log: [eea5d70f-f2c0-431f-a23e-47d26c05ba3a:2025-07-09T21:29:09.858472+0300 - INFO - Successfully accessed /categories/]
Log: [01abbfa4-722b-4e29-a1ea-721b656c2f02:2025-07-09T21:29:09.866283+0300 - INFO - Successfully accessed /products/create]
Log: [9cb2fe0f-eaab-4dfc-8e8b-7c9ddbda7b41:2025-07-09T21:30:07.208056+0300 - INFO - Successfully accessed /categories/]
Log: [a6d4e3b7-5ab8-48ed-8245-0cb0be9789cd:2025-07-09T21:30:07.211908+0300 - INFO - Successfully accessed /products/create]
Log: [8ee877b3-2d4f-42ef-a28d-c743471df8e8:2025-07-09T21:30:09.775854+0300 - INFO - Successfully accessed /categories/]
Log: [bfb38e86-62ab-4e28-9ca8-30bee1162cff:2025-07-09T21:30:09.778479+0300 - INFO - Successfully accessed /products/create]
Log: [90eb68ee-05ec-41fe-b492-0900a5f16122:2025-07-09T21:31:22.217005+0300 - INFO - Successfully accessed /categories/]
Log: [70928310-5eeb-4d05-8cf0-cc63053fb82d:2025-07-09T21:31:22.223695+0300 - INFO - Successfully accessed /products/create]
Log: [e4642118-b7b2-4d6d-b820-4a4a04d9e84e:2025-07-09T21:31:24.431232+0300 - INFO - Successfully accessed /categories/]
Log: [fb035954-9b7d-4688-916c-d05e4849062c:2025-07-09T21:31:24.433179+0300 - INFO - Successfully accessed /products/create]
Log: [fe7f08f7-3adf-4192-8958-3cce8366fb7d:2025-07-09T21:31:39.822468+0300 - INFO - Successfully accessed /products/]
Log: [9fde29f2-5b6b-4968-92d4-40cec97f8b44:2025-07-09T21:31:39.825247+0300 - INFO - Successfully accessed /categories/]
Log: [bdc5c503-aff9-4505-b431-0a5955053313:2025-07-09T21:31:39.833998+0300 - INFO - Successfully accessed /]
Log: [f7c0faf8-e0cf-49aa-b42f-3dfbef424e4f:2025-07-09T21:31:43.209385+0300 - WARNING - Request to /.well-known/appspecific/com.chrome.devtools.json failed]
Log: [7caf051e-33d2-47b5-a7c3-858fd28ffdb1:2025-07-09T21:31:50.409645+0300 - INFO - Successfully accessed /products/]
Log: [63010742-2c6b-4f0e-877f-213c2ac38849:2025-07-09T21:31:50.410674+0300 - INFO - Successfully accessed /categories/]
Log: [69fd4df8-ccef-47aa-8188-9b5d06b13faa:2025-07-09T21:31:50.415211+0300 - INFO - Successfully accessed /]
Log: [263f904a-6996-455f-b437-f1567987ccb7:2025-07-09T21:31:50.449846+0300 - WARNING - Request to /.well-known/appspecific/com.chrome.devtools.json failed]
Log: [5301668d-c49f-42c8-b978-fe464ce2d465:2025-07-09T21:31:54.858709+0300 - INFO - Successfully accessed /categories/]
Log: [aa1d877d-22c8-47e4-b18d-4bcd0d51b540:2025-07-09T21:31:54.861333+0300 - INFO - Successfully accessed /products/create]
Log: [b955125d-911c-4319-9f01-80ea5423da91:2025-07-09T21:31:54.881667+0300 - WARNING - Request to /.well-known/appspecific/com.chrome.devtools.json failed]
Log: [f58f5609-cce9-43af-bb5c-548d56959026:2025-07-09T21:36:59.165592+0300 - INFO - Successfully accessed /categories]
Log: [14e577da-4ca8-43d1-a342-269ba373f816:2025-07-09T21:36:59.186873+0300 - INFO - Successfully accessed /categories/]
Log: [349b009b-a448-4961-9f0c-3304357706ff:2025-07-09T21:36:59.226698+0300 - WARNING - Request to /.well-known/appspecific/com.chrome.devtools.json failed]
Log: [106ab217-9fdb-489c-99a4-5fba0562dd54:2025-07-09T21:38:33.899616+0300 - INFO - Successfully accessed /categories/]
Log: [0d551ec2-8e1c-4aee-994d-26324b19e40a:2025-07-09T21:38:33.913477+0300 - WARNING - Request to /.well-known/appspecific/com.chrome.devtools.json failed]
Log: [2af49c8d-db8c-45ae-ace2-53f6bf07bac9:2025-07-09T21:38:39.083926+0300 - INFO - Successfully accessed /products/]
Log: [6485605e-2090-4838-9bd7-d81d996799a4:2025-07-09T21:38:39.087382+0300 - INFO - Successfully accessed /categories/]
Log: [f1f561a6-b869-4b4f-9521-bff9f1239c81:2025-07-09T21:38:39.098002+0300 - INFO - Successfully accessed /]
Log: [de6d4433-303f-46ba-8560-b4aaccd93652:2025-07-09T21:38:39.115836+0300 - WARNING - Request to /.well-known/appspecific/com.chrome.devtools.json failed]
Log: [b66146ad-7fd7-4fd3-9c0a-906e62fb1eee:2025-07-09T21:38:41.349580+0300 - INFO - Successfully accessed /categories/]
Log: [24d86378-9408-479f-839f-ef09a65e7399:2025-07-09T21:38:41.356572+0300 - INFO - Successfully accessed /products/create]
Log: [7daaf59f-988d-4a97-bb20-12feddf3ece5:2025-07-09T21:38:41.375599+0300 - WARNING - Request to /.well-known/appspecific/com.chrome.devtools.json failed]
Log: [91f1222e-1ed3-44e3-8396-de0bb577b1c7:2025-07-09T21:38:44.465353+0300 - WARNING - Request to /.well-known/appspecific/com.chrome.devtools.json failed]
Log: [814ed389-de96-4d26-801c-7fdf0050fd54:2025-07-09T21:38:44.481750+0300 - WARNING - Request to /.well-known/appspecific/com.chrome.devtools.json failed]
Log: [563cf9b3-e3f0-45fb-a044-6beb30b9620e:2025-07-09T21:38:57.328570+0300 - INFO - Successfully accessed /categories/]
Log: [83b34c2c-5df4-42f7-ac74-284bdd2cd7ac:2025-07-09T21:38:57.331008+0300 - INFO - Successfully accessed /products/create]
Log: [9005508e-d8af-4002-8aae-477476634976:2025-07-09T21:38:57.346046+0300 - WARNING - Request to /.well-known/appspecific/com.chrome.devtools.json failed]
Log: [2abb5f9b-1b0c-4250-8757-bb96eb766fe1:2025-07-09T21:41:04.736306+0300 - INFO - Successfully accessed /categories/]
Log: [96fce97a-22ab-45ac-b221-b8f1d1b4b262:2025-07-09T21:41:04.742970+0300 - INFO - Successfully accessed /products/create]
Log: [8f5eebe9-0262-4b30-8728-e5c4ef3f6987:2025-07-09T21:41:04.756933+0300 - WARNING - Request to /.well-known/appspecific/com.chrome.devtools.json failed]
Log: [7a15297f-8fcb-4f96-b3ad-85afca7c42a3:2025-07-09T21:41:06.739852+0300 - WARNING - Request to /.well-known/appspecific/com.chrome.devtools.json failed]
Log: [9e544140-1b37-4495-8377-50f2d5d502f5:2025-07-09T21:41:08.103117+0300 - INFO - Successfully accessed /products/]
Log: [2bd9d011-e51d-4c4e-b0c9-58f11a8c0e28:2025-07-09T21:41:08.105242+0300 - INFO - Successfully accessed /categories/]
Log: [791f0925-852e-4685-99a7-b846a0c1514e:2025-07-09T21:41:08.110523+0300 - INFO - Successfully accessed /]
Log: [13917dfb-9f5e-44dd-8041-9916d3c346a6:2025-07-09T21:41:08.123861+0300 - WARNING - Request to /.well-known/appspecific/com.chrome.devtools.json failed]
Log: [b2e08589-855c-450b-ad68-6e8815e87b1b:2025-07-09T21:41:10.078650+0300 - INFO - Successfully accessed /categories/]
Log: [7b259081-028d-4a81-8530-53977c6780d4:2025-07-09T21:41:10.081192+0300 - INFO - Successfully accessed /products/create]
Log: [3be31dc3-21f0-4982-b77e-450ec4a1b24f:2025-07-09T21:41:10.098613+0300 - WARNING - Request to /.well-known/appspecific/com.chrome.devtools.json failed]
Log: [4973d4e9-8dce-4238-af2f-dcbd21d63975:2025-07-09T21:41:12.805854+0300 - WARNING - Request to /.well-known/appspecific/com.chrome.devtools.json failed]
Log: [6a44d7f4-a677-4ee8-b39a-5562f55e4a4c:2025-07-09T21:41:12.820594+0300 - WARNING - Request to /.well-known/appspecific/com.chrome.devtools.json failed]
Log: [de0e5e8b-dca2-4910-9c7f-2d24c15e9a79:2025-07-09T21:41:15.542406+0300 - INFO - Successfully accessed /categories/]
Log: [d1fbf3c9-6eef-49cd-bad7-03bd664d33ea:2025-07-09T21:41:15.544943+0300 - INFO - Successfully accessed /products/create]
Log: [49adcb84-467b-4fbf-9d6c-b7cf8d0faf6e:2025-07-09T21:41:15.563742+0300 - WARNING - Request to /.well-known/appspecific/com.chrome.devtools.json failed]
Log: [9c7898fe-3aa0-48df-804b-319a0470f895:2025-07-09T21:42:02.582721+0300 - INFO - Successfully accessed /categories/]
Log: [17edda19-9db9-4663-ae58-83f176c01e43:2025-07-09T21:42:02.589002+0300 - INFO - Successfully accessed /products/create]
Log: [602002f9-aa55-496b-a0fd-d4a385b1143a:2025-07-09T21:42:02.602606+0300 - WARNING - Request to /.well-known/appspecific/com.chrome.devtools.json failed]
Log: [f59c6ab5-aa8d-4103-9941-2bc7a1fd0256:2025-07-09T21:42:05.134441+0300 - WARNING - Request to /.well-known/appspecific/com.chrome.devtools.json failed]
Log: [83d05aa3-fcb7-4b3c-97b7-c4449f5ae3dc:2025-07-09T21:42:05.143805+0300 - WARNING - Request to /.well-known/appspecific/com.chrome.devtools.json failed]
Log: [acbade35-556c-4f85-a12b-15db54c6f563:2025-07-09T21:42:06.701793+0300 - INFO - Successfully accessed /categories/]
Log: [ece380d4-d4b1-4bd9-a8dc-85cc144e4328:2025-07-09T21:42:06.704069+0300 - INFO - Successfully accessed /products/create]
Log: [3a8e2b7f-d5fb-48de-8f4e-ae3b8bb396dc:2025-07-09T21:42:06.716154+0300 - WARNING - Request to /.well-known/appspecific/com.chrome.devtools.json failed]
Log: [5f888286-f25c-4f84-86ee-0a2d98e58f89:2025-07-09T21:46:09.216762+0300 - INFO - Successfully accessed /categories/]
Log: [0e235684-b265-40b0-a62e-d04c80d7ebe5:2025-07-09T21:46:09.224415+0300 - INFO - Successfully accessed /products/create]
Log: [f4160819-34ea-48e2-add1-c8a942dae54c:2025-07-09T21:46:09.239909+0300 - WARNING - Request to /.well-known/appspecific/com.chrome.devtools.json failed]
Log: [a1a8194d-19a0-4cd6-9332-69247f80fa80:2025-07-09T21:46:12.270112+0300 - WARNING - Request to /.well-known/appspecific/com.chrome.devtools.json failed]
Log: [412ea8c5-35f5-4a94-9b06-d21c8c401bcf:2025-07-09T21:46:15.152144+0300 - INFO - Successfully accessed /categories/]
Log: [94f74ab8-888d-4a47-84c4-cdffd642da4c:2025-07-09T21:46:15.155437+0300 - INFO - Successfully accessed /products/create]
Log: [a7a77dc0-c473-40ab-a1eb-0c9d7727abdf:2025-07-09T21:46:15.177091+0300 - WARNING - Request to /.well-known/appspecific/com.chrome.devtools.json failed]
Log: [df0ff6ab-2fa9-4ab9-8c86-50135ba489a3:2025-07-09T21:57:07.172545+0300 - INFO - Successfully accessed /docs]
Log: [6df798d9-f8ad-4268-9cb6-d98ff9e2057b:2025-07-09T21:57:07.260955+0300 - INFO - Successfully accessed /openapi.json]
Log: [2392068f-5678-47e1-898c-a99b9cfc3922:2025-07-09T21:57:15.904576+0300 - INFO - Successfully accessed /products/]
Log: [8e760a68-8cb6-448c-979d-a09f4cfa4e65:2025-07-09T21:57:15.907613+0300 - INFO - Successfully accessed /categories/]
Log: [1e35115d-dcaa-4a19-b1bc-ba7212d34d10:2025-07-09T21:57:15.922529+0300 - INFO - Successfully accessed /]
Log: [87eb7508-ea78-468b-9561-4b3e161674d2:2025-07-09T21:57:16.940209+0300 - WARNING - Request to /favicon.ico failed]
Log: [afd66e23-86e8-4c87-a704-e293cea1c12e:2025-07-09T21:57:19.484212+0300 - INFO - Successfully accessed /categories/]
Log: [82728738-cd5f-4d60-825e-a7a7d4fb6181:2025-07-09T21:57:19.492550+0300 - INFO - Successfully accessed /products/create]
Log: [28c03064-8434-4854-a23b-c401498accac:2025-07-09T21:59:13.535960+0300 - WARNING - Request to /product/1 failed]
Log: [1a4f24f0-1a83-44f7-9a1e-e03ee1af05b5:2025-07-10T11:41:36.831504+0300 - INFO - Successfully accessed /categories/]
Log: [12320a39-6af1-465b-a8a7-80de8458597f:2025-07-10T11:41:36.833440+0300 - INFO - Successfully accessed /products/]
Log: [4410621d-99e0-4407-bc44-4c4c2c3c8cff:2025-07-10T11:41:36.855204+0300 - INFO - Successfully accessed /]
Log: [dd1c8fc2-792b-48af-9cc7-3e39f977fc92:2025-07-10T11:41:36.864021+0300 - WARNING - Request to /string failed]
Log: [0c442258-738f-4cda-b47d-dfc665f20660:2025-07-10T11:41:36.885679+0300 - INFO - Successfully accessed /static/styles/main.css]
Log: [69917126-b530-4250-9f17-d2841ee76f7a:2025-07-10T11:41:36.886804+0300 - WARNING - Request to /static/images/no-image.jpg failed]
Log: [84d0f516-884a-4ac9-839c-165df72db8ab:2025-07-10T11:41:38.416498+0300 - WARNING - Request to /favicon.ico failed]
Log: [e180cac4-fa59-40c2-952f-20e4b0b829c4:2025-07-10T11:41:46.188395+0300 - INFO - Successfully accessed /categories/]
Log: [84c39a70-b538-4a68-9eee-66ffd66440c6:2025-07-10T11:41:46.194218+0300 - INFO - Successfully accessed /products/create]
Log: [9608ccce-d1a4-4820-9b94-4dc2a418256a:2025-07-10T11:41:49.806961+0300 - WARNING - Request to /products/detail/1/page failed]
Log: [9ebb3912-6234-49bf-80f8-de0c2d821f4d:2025-07-10T11:42:16.988005+0300 - WARNING - Request to /products/detail/1/page failed]
Log: [e62f046f-f4c8-433e-b743-7828c8aed332:2025-07-10T11:42:22.501110+0300 - INFO - Successfully accessed /products/]
Log: [8cfcb92c-86bd-4e59-88ea-049cdfe92ec7:2025-07-10T11:42:22.517406+0300 - INFO - Successfully accessed /categories/]
Log: [4546cdff-f124-4dbc-b786-c6396a19c0af:2025-07-10T11:42:22.522944+0300 - INFO - Successfully accessed /]
Log: [73a51f70-092b-4be7-863e-2dc730bc3df8:2025-07-10T11:42:22.538564+0300 - WARNING - Request to /string failed]
Log: [913b3efe-3287-4f03-b891-cd9d51c8a73c:2025-07-10T11:42:22.540356+0300 - WARNING - Request to /static/images/no-image.jpg failed]
Log: [58c8ba71-e8ab-430b-8e57-cf0f4e7c455a:2025-07-10T11:42:24.742081+0300 - INFO - Successfully accessed /categories/]
Log: [c8f797b1-28b7-4bfe-9663-f1ec75c34bc3:2025-07-10T11:42:24.743638+0300 - INFO - Successfully accessed /products/]
Log: [b46c1fcb-3e84-4b41-b75e-97788d6fa1c7:2025-07-10T11:42:24.746584+0300 - INFO - Successfully accessed /]
Log: [79e4c0ee-e072-4355-9289-c4834317b82d:2025-07-10T11:42:24.761721+0300 - WARNING - Request to /string failed]
Log: [1cd70257-d320-4ba1-9d28-561737c0fb94:2025-07-10T11:42:24.764137+0300 - WARNING - Request to /static/images/no-image.jpg failed]
Log: [4f183aec-8a0c-4b7f-aa88-5a42ba420acd:2025-07-10T11:42:28.491194+0300 - WARNING - Request to /products/detail/1/page failed]
Log: [55947e78-fe57-4b24-8817-6f423abb623a:2025-07-10T11:53:20.539014+0300 - INFO - Successfully accessed /products/detail/1/page]
Log: [fbb38948-672c-4132-a917-5fd475bd2d0f:2025-07-10T11:53:22.138803+0300 - INFO - Successfully accessed /products/detail/1/page]
Log: [787860e6-1b31-4ed1-baa0-789cad25a6ae:2025-07-10T11:54:46.493360+0300 - WARNING - Request to /products/detail/1/page failed]
Log: [2b0b61bd-7ced-43e0-a507-eab24697ac1b:2025-07-10T11:57:00.089178+0300 - WARNING - Request to /products/detail/1/page failed]
Log: [d97cac6c-0db3-4dc5-a3de-208163e87134:2025-07-10T11:58:22.155607+0300 - WARNING - Request to /products/detail/1/page failed]
Log: [0f9762bd-53f4-4ec2-b16e-dd630c9af761:2025-07-10T11:58:40.936997+0300 - WARNING - Request to /products/detail/naushniki/page failed]
Log: [d00090a2-ac78-4de4-86c7-59c377da4255:2025-07-10T11:59:35.005871+0300 - ERROR - Request to /products/detail/ipods/page failed: 'product.html' not found in search path: 'app/templates']
Log: [5e874299-eef6-4a1f-a9c8-3b67a979184d:2025-07-10T12:01:31.301290+0300 - INFO - Successfully accessed /products/detail/ipods/page]
Log: [ebd5fe42-7e6e-4eec-b914-928ea0af6915:2025-07-10T12:01:31.318677+0300 - WARNING - Request to /products/detail/ipods/string failed]
Log: [bc54fc6b-4055-4567-86e4-69b3d617a352:2025-07-10T12:03:45.470996+0300 - WARNING - Request to /.well-known/appspecific/com.chrome.devtools.json failed]
Log: [13844a51-29bf-42f4-b766-bf926986f129:2025-07-10T12:03:52.205927+0300 - INFO - Successfully accessed /products/detail/ipods/page]
Log: [666aec45-9704-4fa9-8911-17d0a77deb3d:2025-07-10T12:03:52.224213+0300 - WARNING - Request to /products/detail/ipods/string failed]
Log: [59e268e4-e315-4e77-93ba-3638d8df72bd:2025-07-10T12:03:52.237027+0300 - WARNING - Request to /.well-known/appspecific/com.chrome.devtools.json failed]
Log: [4a0cbdf2-e648-499a-80d3-67df1de8034b:2025-07-10T12:06:57.766427+0300 - INFO - Successfully accessed /products/detail/ipods/page]
Log: [52f15c11-5b83-49dc-aa01-4d127473eb99:2025-07-10T12:06:57.782679+0300 - WARNING - Request to /.well-known/appspecific/com.chrome.devtools.json failed]
Log: [2385adde-6ca7-468b-b7dd-85dab12f0530:2025-07-10T12:06:57.783918+0300 - WARNING - Request to /products/detail/ipods/string failed]
Log: [c8b822e9-3182-42d2-bb95-49460abf88d9:2025-07-10T12:07:15.258786+0300 - INFO - Successfully accessed /products/detail/ipods/page]
Log: [ed5dc57f-84a3-4fc7-9787-1aa309473045:2025-07-10T12:07:15.272287+0300 - WARNING - Request to /.well-known/appspecific/com.chrome.devtools.json failed]
Log: [dce9cf67-dca0-4956-8575-a8d8be7d0370:2025-07-10T12:07:15.275456+0300 - WARNING - Request to /products/detail/ipods/string failed]
Log: [2be1c3b1-12e8-42e6-a6e2-b00eade41272:2025-07-10T12:08:39.900512+0300 - INFO - Successfully accessed /products/detail/ipods/page]
Log: [34d9d9a4-8025-4253-bf38-33766c8d2247:2025-07-10T12:08:39.913865+0300 - WARNING - Request to /.well-known/appspecific/com.chrome.devtools.json failed]
Log: [914d75fc-e630-41be-bdbb-b76ebb5227cc:2025-07-10T12:08:39.918357+0300 - WARNING - Request to /products/detail/ipods/string failed]
Log: [7777708e-cf3a-4a8d-8eae-761c57909499:2025-07-10T12:08:42.206896+0300 - INFO - Successfully accessed /products/detail/ipods/page]
Log: [443fdeaf-259e-465b-9d62-96b54b6682f5:2025-07-10T12:08:42.222011+0300 - WARNING - Request to /.well-known/appspecific/com.chrome.devtools.json failed]
Log: [6332f7da-851f-40d4-82d9-51969ca6bdb3:2025-07-10T12:08:42.225391+0300 - WARNING - Request to /products/detail/ipods/string failed]
Log: [f82f4aca-1e79-49ca-b178-ae91cad60dd1:2025-07-10T12:11:08.064989+0300 - INFO - Successfully accessed /products/detail/ipods/page]
Log: [9d36c0b1-f814-46cf-ae18-5e556f499657:2025-07-10T12:11:08.077720+0300 - WARNING - Request to /products/detail/ipods/string failed]
Log: [71b3bfa2-a111-4b6f-8c5d-633ab627baeb:2025-07-10T12:11:08.079736+0300 - WARNING - Request to /.well-known/appspecific/com.chrome.devtools.json failed]
Log: [03180b78-ff44-4635-8431-36b507efbdfb:2025-07-10T12:20:29.801839+0300 - INFO - Successfully accessed /products/detail/ipods/page]
Log: [c70d6c0a-bc4b-4634-8810-702d612d2857:2025-07-10T12:20:29.818459+0300 - WARNING - Request to /.well-known/appspecific/com.chrome.devtools.json failed]
Log: [99e3e8fd-2b02-4b7f-8185-7b38e03d5c33:2025-07-10T12:20:29.828710+0300 - WARNING - Request to /static/images/products/string failed]
Log: [4cd9aa7d-1d8a-49db-8890-342e987f68ab:2025-07-10T12:29:14.437846+0300 - ERROR - Request to /products/detail/ipods/page failed: No route exists for name "static" and params "filename".]
Log: [f330d5bf-6f32-4f70-a594-da9e97e36882:2025-07-10T12:29:14.454171+0300 - WARNING - Request to /.well-known/appspecific/com.chrome.devtools.json failed]
Log: [72e57a73-381d-4c22-b614-f3b92a966cf5:2025-07-10T12:29:27.598351+0300 - WARNING - Request to /products/detail/ipods failed]
Log: [abe1b8e0-3015-4c40-b24c-78b5b32c332f:2025-07-10T12:29:27.615079+0300 - WARNING - Request to /.well-known/appspecific/com.chrome.devtools.json failed]
Log: [37a3473c-e967-479c-a958-79f481be4906:2025-07-10T12:29:36.051930+0300 - WARNING - Request to /products/detail/ipods failed]
Log: [9d36d9fe-ff3c-47cc-aa7b-41b3309e665f:2025-07-10T12:29:36.067721+0300 - WARNING - Request to /.well-known/appspecific/com.chrome.devtools.json failed]
Log: [1f75720b-e779-4ae3-8307-c88cd3d02372:2025-07-10T12:29:54.773859+0300 - WARNING - Request to /products/detail/ipods failed]
Log: [88ff80cf-c3a2-4869-a349-2953b35cd047:2025-07-10T12:29:54.792636+0300 - WARNING - Request to /.well-known/appspecific/com.chrome.devtools.json failed]
Log: [24a4ffd4-74c9-4ffe-8cef-10395481df3d:2025-07-10T12:30:07.312196+0300 - WARNING - Request to /products/detail/ipods failed]
Log: [6b1f9442-c02c-412a-ac36-45830c8a903d:2025-07-10T12:30:07.329414+0300 - WARNING - Request to /.well-known/appspecific/com.chrome.devtools.json failed]
Log: [a3582ee7-8453-480c-8324-8f4a7b7b6e80:2025-07-10T12:30:32.103803+0300 - WARNING - Request to /products/detail/ipods failed]
Log: [af20fa52-a3d0-4305-9da3-7b27222a5ad2:2025-07-10T12:30:32.118041+0300 - WARNING - Request to /.well-known/appspecific/com.chrome.devtools.json failed]
Log: [e84dce76-e589-4665-9995-d2d63975ed08:2025-07-10T12:30:34.373174+0300 - WARNING - Request to /.well-known/appspecific/com.chrome.devtools.json failed]
Log: [3f3666a7-b590-4dcb-9d07-a971d7a069d5:2025-07-10T12:30:36.070240+0300 - WARNING - Request to /products/detail/ipods/page failed]
Log: [2bb8826d-b22f-4de9-bd0d-8ba3ceab0e2e:2025-07-10T12:30:36.088444+0300 - WARNING - Request to /.well-known/appspecific/com.chrome.devtools.json failed]
Log: [f4bcce13-57f0-44e0-a013-d62ef672ba13:2025-07-10T12:30:38.083534+0300 - WARNING - Request to /.well-known/appspecific/com.chrome.devtools.json failed]
Log: [710c5bac-b048-4cc9-907b-d2740ee3ab81:2025-07-10T12:30:38.807267+0300 - WARNING - Request to /.well-known/appspecific/com.chrome.devtools.json failed]
Log: [4cb28607-7521-46eb-a671-d660f35c49cc:2025-07-10T12:30:48.226390+0300 - INFO - Successfully accessed /categories/]
Log: [a888817d-01cf-4777-b2a3-895737e08ee0:2025-07-10T12:30:48.230222+0300 - INFO - Successfully accessed /products/]
Log: [dd0814c7-cb45-466d-ab80-22a62b77bc90:2025-07-10T12:30:48.254910+0300 - INFO - Successfully accessed /]
Log: [2386c308-120a-41e4-ba88-2aec8546f0e6:2025-07-10T12:30:48.279713+0300 - WARNING - Request to /.well-known/appspecific/com.chrome.devtools.json failed]
Log: [c6380501-e061-4829-9ce5-c351f673f4ab:2025-07-10T12:30:48.290666+0300 - WARNING - Request to /string failed]
Log: [2c0962bc-47e7-47da-ae00-e2b24de73f09:2025-07-10T12:30:48.293840+0300 - WARNING - Request to /static/images/no-image.jpg failed]
Log: [86a4831d-8f70-423d-b1ec-fbe4135d4ab7:2025-07-10T12:30:48.355582+0300 - WARNING - Request to /static/images/no-image.jpg failed]
Log: [606bfb65-fe60-4c8a-bda2-7ee53838c7a2:2025-07-10T12:30:52.941682+0300 - WARNING - Request to /products/detail/1/page failed]
Log: [2db29066-53f9-4990-bd29-11507e376c15:2025-07-10T12:30:52.962916+0300 - WARNING - Request to /.well-known/appspecific/com.chrome.devtools.json failed]
Log: [14ee110b-5b44-46c4-985a-ab3def285579:2025-07-10T12:31:21.805399+0300 - WARNING - Request to /products/detail/1/page failed]
Log: [354d49dc-8b30-4bd6-bb7c-59a7b119386f:2025-07-10T12:31:21.818635+0300 - WARNING - Request to /.well-known/appspecific/com.chrome.devtools.json failed]
Log: [02f0d2a1-e6f9-4e59-9501-2c187e0d07ce:2025-07-10T12:31:23.223095+0300 - WARNING - Request to /products/detail/1/page failed]
Log: [fa178473-c6fb-47cb-890a-0ea6f50ddd53:2025-07-10T12:31:23.238988+0300 - WARNING - Request to /.well-known/appspecific/com.chrome.devtools.json failed]
Log: [55f4e70d-a927-4f59-ab5e-dec2f9b3b60c:2025-07-10T12:31:24.506259+0300 - WARNING - Request to /.well-known/appspecific/com.chrome.devtools.json failed]
Log: [460d11fb-3ad0-48a3-a752-e73445de438d:2025-07-10T12:31:24.517193+0300 - WARNING - Request to /.well-known/appspecific/com.chrome.devtools.json failed]
Log: [0f5d8d3b-4b3e-4f19-af09-8c92fdf5418c:2025-07-10T12:31:27.177429+0300 - INFO - Successfully accessed /categories/]
Log: [623ca318-b09f-4052-bc00-34d59478e2af:2025-07-10T12:31:27.179565+0300 - INFO - Successfully accessed /products/]
Log: [9dde9b51-0845-47f9-a114-c6f6cfc3540a:2025-07-10T12:31:27.188097+0300 - INFO - Successfully accessed /]
Log: [be53e6b5-f74f-487c-b217-7c77a7e5e549:2025-07-10T12:31:27.203364+0300 - WARNING - Request to /.well-known/appspecific/com.chrome.devtools.json failed]
Log: [4c7fd532-0b0c-492c-b2af-d886e2a8a0d7:2025-07-10T12:31:27.206971+0300 - WARNING - Request to /string failed]
Log: [e68ea292-7415-4b86-9b6b-b41a99bf14c4:2025-07-10T12:31:27.209364+0300 - WARNING - Request to /static/images/no-image.jpg failed]
Log: [8d1532c3-a703-4fee-9881-0bc63a9791e4:2025-07-10T12:31:27.256268+0300 - WARNING - Request to /static/images/no-image.jpg failed]
Log: [b219c1b9-d66b-4715-af5b-b0b3cc93f83c:2025-07-10T12:31:29.694374+0300 - WARNING - Request to /products/detail/1/page failed]
Log: [979bd301-4df8-4c0f-8daf-14c620e31d56:2025-07-10T12:31:29.721564+0300 - WARNING - Request to /.well-known/appspecific/com.chrome.devtools.json failed]
Log: [ae2e8367-25e6-4a78-9c7a-7fe8e25ac0a2:2025-07-10T12:32:25.860507+0300 - WARNING - Request to /.well-known/appspecific/com.chrome.devtools.json failed]
Log: [fd7a4b37-75fd-46ae-b304-3cb43d53fd5b:2025-07-10T12:32:28.672283+0300 - INFO - Successfully accessed /products/detail/ipods/page]
Log: [622c8f6c-c167-44c6-a97e-a1a54b53e058:2025-07-10T12:32:28.690385+0300 - WARNING - Request to /.well-known/appspecific/com.chrome.devtools.json failed]
Log: [cd5db168-6a99-4eda-9330-7dfe853cf7cb:2025-07-10T12:33:26.037075+0300 - INFO - Successfully accessed /products/detail/ipods/page]
Log: [bebca6c2-da11-4270-9fdc-2d70377afbea:2025-07-10T12:33:26.061633+0300 - WARNING - Request to /.well-known/appspecific/com.chrome.devtools.json failed]
Log: [495f1b40-fbe9-42b9-8d2c-28c25583db79:2025-07-10T12:33:28.682358+0300 - WARNING - Request to /.well-known/appspecific/com.chrome.devtools.json failed]
Log: [8eadcfa9-d5e6-4fa6-88ca-3775d57d84a4:2025-07-10T12:33:31.914377+0300 - INFO - Successfully accessed /products/detail/ipods/page]
Log: [85a474c9-7060-4e8b-9563-d622f9297d4a:2025-07-10T12:33:31.932277+0300 - WARNING - Request to /.well-known/appspecific/com.chrome.devtools.json failed]
Log: [bdb1f71a-8a3a-4796-9b4c-fccf1d7da711:2025-07-10T12:33:40.571129+0300 - WARNING - Request to /.well-known/appspecific/com.chrome.devtools.json failed]
Log: [90119a7b-0708-4d3d-9f5e-ddcb5548243b:2025-07-10T12:33:40.582885+0300 - WARNING - Request to /.well-known/appspecific/com.chrome.devtools.json failed]
Log: [500d4ba5-42a2-4bd1-b5bc-ecf41ce2a897:2025-07-10T12:33:43.784082+0300 - WARNING - Request to /products/detail/1/page failed]
Log: [d15bf02e-beb1-46f9-b015-d44714cf6b33:2025-07-10T12:33:43.798257+0300 - WARNING - Request to /.well-known/appspecific/com.chrome.devtools.json failed]
Log: [5117ec5e-e80f-44de-ad03-8f4aab0fee28:2025-07-10T12:33:45.850751+0300 - WARNING - Request to /.well-known/appspecific/com.chrome.devtools.json failed]
Log: [e0819afe-0f31-448d-947b-7e3a30f2e732:2025-07-10T12:33:45.865663+0300 - WARNING - Request to /.well-known/appspecific/com.chrome.devtools.json failed]
Log: [6af72b58-3afd-4117-b72d-e019ae16b278:2025-07-10T12:34:21.926936+0300 - INFO - Successfully accessed /categories/]
Log: [c2aa58e9-82f2-4542-ab86-00c2bdc3e58f:2025-07-10T12:34:21.929932+0300 - INFO - Successfully accessed /products/]
Log: [908ab765-4c62-4ef3-baf9-c319d6f06bd3:2025-07-10T12:34:21.941757+0300 - INFO - Successfully accessed /]
Log: [fa7870bc-6509-4939-b259-7d219b37ce25:2025-07-10T12:34:21.958239+0300 - WARNING - Request to /.well-known/appspecific/com.chrome.devtools.json failed]
Log: [932c57a6-28ce-43a7-b579-d89bfcba991a:2025-07-10T12:34:21.961726+0300 - WARNING - Request to /string failed]
Log: [2d83cbfd-45a3-44f2-ab57-9572188ceed8:2025-07-10T12:34:21.963572+0300 - WARNING - Request to /static/images/no-image.jpg failed]
Log: [ce3e24bc-e9c8-4d9d-aa24-2ba24f04656a:2025-07-10T12:34:21.972835+0300 - WARNING - Request to /static/images/no-image.jpg failed]
Log: [93ea0b9c-8494-4252-a9f2-d3b097e4934b:2025-07-10T12:35:41.404194+0300 - WARNING - Request to /products/detail/1/page failed]
Log: [d4f2b1bd-e471-412d-87e2-a38e1c2c18d4:2025-07-10T12:35:41.435006+0300 - WARNING - Request to /favicon.ico failed]
Log: [1c21858a-778f-48c4-af0f-b3c72c687689:2025-07-10T12:37:40.648983+0300 - INFO - Successfully accessed /products/]
Log: [ba07de54-2e9c-4b40-ac88-406fee924de0:2025-07-10T12:37:40.651899+0300 - INFO - Successfully accessed /categories/]
Log: [6fba17f3-5e4e-43a3-bc40-87cfc4e7eb23:2025-07-10T12:37:40.661218+0300 - INFO - Successfully accessed /]
Log: [de67e6ee-53a7-44de-a5ba-dff06d0c4d1e:2025-07-10T12:37:40.675210+0300 - WARNING - Request to /.well-known/appspecific/com.chrome.devtools.json failed]
Log: [c37884ae-744b-4205-af42-374d03573e61:2025-07-10T12:37:40.679948+0300 - WARNING - Request to /string failed]
Log: [d3d08415-61e7-4881-bd6c-c2f05512ce8d:2025-07-10T12:37:40.682557+0300 - WARNING - Request to /static/images/no-image.jpg failed]
Log: [f3eb1527-fc4b-4735-a5ca-275c48ce08a5:2025-07-10T12:37:40.693380+0300 - WARNING - Request to /static/images/no-image.jpg failed]
Log: [e93eea2e-0621-4afe-b915-c1b0b63e5887:2025-07-10T12:37:43.408802+0300 - WARNING - Request to /products/detail/1/page failed]
Log: [5e6e69ca-e366-4c52-96ef-bc7a770fd3df:2025-07-10T12:37:43.423261+0300 - WARNING - Request to /.well-known/appspecific/com.chrome.devtools.json failed]
Log: [a4704170-091a-4624-9218-917ff2c2c8eb:2025-07-10T12:37:45.211462+0300 - WARNING - Request to /.well-known/appspecific/com.chrome.devtools.json failed]
Log: [7680af2a-c4fc-4074-bf23-be6d3d0f6129:2025-07-10T12:37:45.221242+0300 - WARNING - Request to /.well-known/appspecific/com.chrome.devtools.json failed]
Log: [4346d0c5-82f5-4662-b6ce-d40bf27ed2b6:2025-07-10T12:37:47.210764+0300 - ERROR - Request to /products/detail/ipods/page failed: No route exists for name "static" and params "filename".]
Log: [92c77a9a-edf2-4ee3-8d15-810635e7e541:2025-07-10T12:37:47.224800+0300 - WARNING - Request to /.well-known/appspecific/com.chrome.devtools.json failed]
Log: [7cbd94b4-b27e-44d0-9e2c-fe699addeadd:2025-07-10T12:37:50.344956+0300 - WARNING - Request to /.well-known/appspecific/com.chrome.devtools.json failed]
Log: [b1dde25f-e60b-4c11-a0fc-61f3c736621b:2025-07-10T12:37:50.355209+0300 - WARNING - Request to /.well-known/appspecific/com.chrome.devtools.json failed]
Log: [d9867ff4-11d9-4350-8065-a45e807cdee0:2025-07-10T12:39:08.637748+0300 - WARNING - Request to /products/detail/1/page failed]
Log: [7a14c5bf-2c36-42bd-bbc9-bcd9a46c13dc:2025-07-10T12:39:13.531932+0300 - INFO - Successfully accessed /products/]
Log: [3e60c03f-e31a-4b28-a142-8b12f925d1f7:2025-07-10T12:39:13.532580+0300 - INFO - Successfully accessed /categories/]
Log: [c3c56727-807f-4de0-9e7e-451fe2d15a2a:2025-07-10T12:39:13.535289+0300 - INFO - Successfully accessed /]
Log: [d521e274-b919-4c99-8599-f54d2d3fae4c:2025-07-10T12:39:13.546102+0300 - WARNING - Request to /.well-known/appspecific/com.chrome.devtools.json failed]
Log: [a7f1c812-bc44-4d6b-8796-62c91b4f549d:2025-07-10T12:39:13.550708+0300 - WARNING - Request to /string failed]
Log: [cd5c9d9a-4910-4e73-9bf8-cb442cc05920:2025-07-10T12:39:13.552671+0300 - WARNING - Request to /static/images/no-image.jpg failed]
Log: [fe387262-9c36-484e-a14c-76e4e823a017:2025-07-10T12:39:13.570815+0300 - WARNING - Request to /static/images/no-image.jpg failed]
Log: [c66c1b35-66aa-4923-8b60-4292840647a2:2025-07-10T12:57:28.448465+0300 - INFO - Successfully accessed /products/]
Log: [e715bc2f-f34f-4160-bc12-67916c7b6962:2025-07-10T12:57:28.449556+0300 - INFO - Successfully accessed /categories/]
Log: [8db80237-443a-4cfe-8500-3484aced7d47:2025-07-10T12:57:28.454049+0300 - INFO - Successfully accessed /]
Log: [5c64a780-5f92-4a99-b2b3-66e246f06409:2025-07-10T12:57:28.470451+0300 - WARNING - Request to /.well-known/appspecific/com.chrome.devtools.json failed]
Log: [e267a205-1f6f-4de6-9807-4a6aee2b9ecd:2025-07-10T12:57:28.475553+0300 - WARNING - Request to /string failed]
Log: [13c2421f-1b2e-456b-81dc-13512116700e:2025-07-10T12:57:28.477537+0300 - WARNING - Request to /static/images/no-image.jpg failed]
Log: [1a0a89c6-ce73-4baa-8bd0-53d3c598d82c:2025-07-10T12:57:28.519809+0300 - WARNING - Request to /static/images/no-image.jpg failed]
Log: [407bbff7-0d92-49f2-808c-ff899e1263bf:2025-07-10T12:58:45.026204+0300 - INFO - Successfully accessed /categories/]
Log: [420921af-84e6-458b-9447-528214ec78e8:2025-07-10T12:58:45.027459+0300 - INFO - Successfully accessed /products/]
Log: [2a553447-401b-4a32-bc26-0c3cc4dc0155:2025-07-10T12:58:45.044088+0300 - INFO - Successfully accessed /]
Log: [629529fa-d228-4669-9c33-4efe37ea7e5c:2025-07-10T12:58:45.073710+0300 - WARNING - Request to /.well-known/appspecific/com.chrome.devtools.json failed]
Log: [593c1e8a-83bd-4d8b-9462-16b09d14ff5c:2025-07-10T12:58:45.078941+0300 - WARNING - Request to /string failed]
Log: [4d76addc-bb2e-4c67-8a2e-eb59d9fb0b5f:2025-07-10T12:58:45.082146+0300 - WARNING - Request to /static/images/default_imge.png failed]
Log: [0be4bd0c-264f-4f6f-8faa-29abce8a56a1:2025-07-10T12:58:45.091067+0300 - WARNING - Request to /static/images/default_imge.png failed]
Log: [0d119377-6df5-4ae8-bf53-a48e16b89448:2025-07-10T13:00:46.496742+0300 - INFO - Successfully accessed /categories/]
Log: [68c9c359-d239-43f3-931c-2aec71c44b49:2025-07-10T13:00:46.498590+0300 - INFO - Successfully accessed /products/]
Log: [71d1773e-47b0-4eab-801e-467e30917f1d:2025-07-10T13:00:46.520475+0300 - INFO - Successfully accessed /]
Log: [00404853-0fc0-428c-a90d-3f5fbced95dc:2025-07-10T13:00:46.534959+0300 - WARNING - Request to /.well-known/appspecific/com.chrome.devtools.json failed]
Log: [71f11ca3-8a6f-4ac1-84d3-e344c91bdefe:2025-07-10T13:00:46.539431+0300 - WARNING - Request to /string failed]
Log: [c944fe31-b503-40be-b32b-64250c2c1493:2025-07-10T13:00:46.564013+0300 - INFO - Successfully accessed /static/images/default_image.png]
Log: [302b6ff6-ce91-4f82-bf57-2201d41f2712:2025-07-10T13:00:58.463074+0300 - WARNING - Request to /products/detail/1/page failed]
Log: [c35e79bd-2aff-48ee-a96e-184fbfe1287b:2025-07-10T13:00:58.478815+0300 - WARNING - Request to /.well-known/appspecific/com.chrome.devtools.json failed]
Log: [9308e07f-dc41-48fb-bf94-586ced4f57e6:2025-07-10T13:01:00.820594+0300 - WARNING - Request to /.well-known/appspecific/com.chrome.devtools.json failed]
Log: [d49e4cd8-1511-47e2-86fb-c6da75fa28c8:2025-07-10T13:01:00.836423+0300 - WARNING - Request to /.well-known/appspecific/com.chrome.devtools.json failed]
Log: [33e93541-a1e8-4e24-a85b-f3c697900f9c:2025-07-10T13:09:15.589521+0300 - INFO - Successfully accessed /docs]
Log: [80c2d5ed-ca8f-46f6-b887-048c1297243f:2025-07-10T13:09:15.689670+0300 - INFO - Successfully accessed /openapi.json]
Log: [3a71a60c-8c8e-4fde-8f51-176f31b0f040:2025-07-10T13:12:54.911889+0300 - ERROR - Request to /products/ failed: 'CreateProduct' object has no attribute 'category']
Log: [57d2e5d2-2413-4882-9bc6-2c983e24c819:2025-07-10T13:18:52.711318+0300 - INFO - Successfully accessed /docs]
Log: [c977a0d2-919c-4390-9d81-e97e7ca416fc:2025-07-10T13:18:52.809405+0300 - INFO - Successfully accessed /openapi.json]
Log: [96313ecf-b713-477f-8325-a36a9eb98b48:2025-07-10T13:19:02.646553+0300 - INFO - Successfully accessed /products/]
Log: [73bb0624-af31-4743-9f87-d07563c85c89:2025-07-10T13:21:45.411034+0300 - INFO - Successfully accessed /products/]
Log: [46d4773c-bab8-4155-b77b-6937d4eeaf6a:2025-07-10T13:24:11.028898+0300 - INFO - Successfully accessed /products/]
Log: [dfddd35c-d69b-4876-8332-566eaec0f05d:2025-07-10T13:28:56.669322+0300 - INFO - Successfully accessed /products/]
Log: [11029bcd-b279-40e8-904b-d326e5b3f0e3:2025-07-10T13:29:51.589186+0300 - INFO - Successfully accessed /categories/]
Log: [f18d4d36-3b4d-4a1e-9143-8c5e6cb517a7:2025-07-10T13:29:51.592916+0300 - INFO - Successfully accessed /products/]
Log: [267f5b96-dde5-4668-bf1e-c136d7c77ba2:2025-07-10T13:29:51.606382+0300 - INFO - Successfully accessed /]
Log: [c71f5bbb-6367-4428-9dd7-ddb90ee7da57:2025-07-10T13:29:51.628116+0300 - WARNING - Request to /.well-known/appspecific/com.chrome.devtools.json failed]
Log: [7228db9a-2fc1-4354-9d08-89268930d1cf:2025-07-10T13:30:45.061459+0300 - INFO - Successfully accessed /products/]
Log: [57eb2f29-3fc9-4ebc-8767-b9539e0e5b46:2025-07-10T13:30:45.062477+0300 - INFO - Successfully accessed /categories/]
Log: [65b2a9a9-abfd-4d60-98d5-17146c66e824:2025-07-10T13:30:45.066625+0300 - INFO - Successfully accessed /]
Log: [83b02c6f-c4eb-4f99-b765-b40c2d0174a0:2025-07-10T13:30:45.087409+0300 - WARNING - Request to /.well-known/appspecific/com.chrome.devtools.json failed]
Log: [2c7fef79-ac12-43be-9a39-3cb8798eee42:2025-07-10T13:30:45.131313+0300 - INFO - Successfully accessed /static/styles/main.css]
Log: [6516e8cc-3660-426b-aeab-12b6cdaccb97:2025-07-10T13:31:30.746516+0300 - ERROR - Request to /products/detail/macbook-air-13/page failed: No route exists for name "static" and params "filename".]
Log: [318906f5-970d-4ff8-aad6-c92320de4d5d:2025-07-10T13:31:30.761947+0300 - WARNING - Request to /.well-known/appspecific/com.chrome.devtools.json failed]
Log: [375dbe60-355e-4a56-95bb-e1341e683902:2025-07-10T13:31:32.993008+0300 - WARNING - Request to /.well-known/appspecific/com.chrome.devtools.json failed]
Log: [49a253ed-25cb-473f-b4e4-43d13aeb10d5:2025-07-10T13:31:33.007340+0300 - WARNING - Request to /.well-known/appspecific/com.chrome.devtools.json failed]
Log: [5f90355d-ddb4-4079-88b1-64b3ad900de6:2025-07-10T13:36:45.175323+0300 - INFO - Successfully accessed /categories/]
Log: [df560672-bb95-4c7d-b5e1-10e841cba060:2025-07-10T13:36:45.177947+0300 - INFO - Successfully accessed /products/]
Log: [834e8924-9c15-407b-8ccb-2f741fe7992e:2025-07-10T13:36:45.187661+0300 - INFO - Successfully accessed /]
Log: [298558f1-5ca4-4f32-ac62-1c1c0369942e:2025-07-10T13:36:45.202939+0300 - WARNING - Request to /.well-known/appspecific/com.chrome.devtools.json failed]
Log: [e1f9cf37-e299-4fbf-ac79-0778faa1db21:2025-07-10T13:41:30.662109+0300 - INFO - Successfully accessed /categories/]
Log: [6a921cbe-8b98-474e-8899-e9d1a537d72a:2025-07-10T13:41:30.665189+0300 - INFO - Successfully accessed /products/]
Log: [746fe09d-d089-4ff9-9e2a-34c383bbd6e7:2025-07-10T13:41:30.672205+0300 - INFO - Successfully accessed /]
Log: [c8775109-ec47-4030-914e-ed941f55df7a:2025-07-10T13:41:30.692186+0300 - WARNING - Request to /.well-known/appspecific/com.chrome.devtools.json failed]
Log: [6af86b19-4983-43b7-b736-17cc041c4e15:2025-07-10T13:41:30.722599+0300 - INFO - Successfully accessed /static/styles/main.css]
Log: [39087369-84c1-486b-a58e-c1f0ba116971:2025-07-10T15:09:23.506278+0300 - INFO - Successfully accessed /products/]
Log: [a9d4c9f0-6b43-483f-916d-7e56c4a8fed6:2025-07-10T15:09:23.509549+0300 - INFO - Successfully accessed /categories/]
Log: [91f7177d-0ea4-404d-b659-2d21a26477b8:2025-07-10T15:09:23.517584+0300 - INFO - Successfully accessed /]
Log: [186a755c-1dc1-4aa3-b9aa-281b5660ac55:2025-07-10T15:09:23.534979+0300 - WARNING - Request to /.well-known/appspecific/com.chrome.devtools.json failed]
Log: [d36114de-1037-42ad-b899-bfcbbbaf4088:2025-07-10T15:09:23.579565+0300 - INFO - Successfully accessed /static/styles/main.css]
Log: [9b0b075c-3fbd-45e0-9317-d214d799674b:2025-07-10T15:15:58.935607+0300 - INFO - Successfully accessed /categories/]
Log: [5ea5662b-5bdc-41d1-a45e-f73e0f7a9151:2025-07-10T15:15:58.936647+0300 - INFO - Successfully accessed /products/]
Log: [47caca49-566a-4e89-bdc3-a46210a61af9:2025-07-10T15:15:58.953547+0300 - INFO - Successfully accessed /]
Log: [69654fb3-75bb-4e38-ab99-7c063c9f5ccb:2025-07-10T15:15:58.970290+0300 - WARNING - Request to /.well-known/appspecific/com.chrome.devtools.json failed]
Log: [7862c622-c597-40a8-a468-2cc5ad12c0b6:2025-07-10T15:15:59.103041+0300 - INFO - Successfully accessed /static/images/default_image.png]
